# JRE version: OpenJDK Runtime Environment (8.0_152-b01) (build 1.8.0_152-release-1343-b01)
# Java VM: OpenJDK 64-Bit Server VM (25.152-b01 mixed mode windows-amd64 compressed oops)
Heap:
 PSYoungGen      total 138240K, used 52579K [0x00000000d5f80000, 0x00000000e1200000, 0x0000000100000000)
  eden space 133120K, 39% used [0x00000000d5f80000,0x00000000d92d8e50,0x00000000de180000)
  from space 5120K, 0% used [0x00000000de180000,0x00000000de180000,0x00000000de680000)
  to   space 19456K, 0% used [0x00000000dff00000,0x00000000dff00000,0x00000000e1200000)
 ParOldGen       total 123392K, used 22359K [0x0000000081e00000, 0x0000000089680000, 0x00000000d5f80000)
  object space 123392K, 18% used [0x0000000081e00000,0x00000000833d5dd0,0x0000000089680000)
 Metaspace       used 38455K, capacity 39139K, committed 39472K, reserved 1083392K
  class space    used 4881K, capacity 5055K, committed 5168K, reserved 1048576K
GC Heap History (10 events):
Event: 1.085 GC heap before
{Heap before GC invocations=3 (full 0):
 PSYoungGen      total 71680K, used 17548K [0x00000000d5f80000, 0x00000000daa80000, 0x0000000100000000)
  eden space 66560K, 18% used [0x00000000d5f80000,0x00000000d6ba7118,0x00000000da080000)
  from space 5120K, 99% used [0x00000000da580000,0x00000000daa7c020,0x00000000daa80000)
  to   space 5120K, 0% used [0x00000000da080000,0x00000000da080000,0x00000000da580000)
 ParOldGen       total 87552K, used 8257K [0x0000000081e00000, 0x0000000087380000, 0x00000000d5f80000)
  object space 87552K, 9% used [0x0000000081e00000,0x0000000082610520,0x0000000087380000)
 Metaspace       used 20753K, capacity 21130K, committed 21296K, reserved 1067008K
  class space    used 2708K, capacity 2835K, committed 2864K, reserved 1048576K
Event: 1.090 GC heap after
Heap after GC invocations=3 (full 0):
 PSYoungGen      total 71680K, used 5092K [0x00000000d5f80000, 0x00000000deb80000, 0x0000000100000000)
  eden space 66560K, 0% used [0x00000000d5f80000,0x00000000d5f80000,0x00000000da080000)
  from space 5120K, 99% used [0x00000000da080000,0x00000000da579050,0x00000000da580000)
  to   space 5120K, 0% used [0x00000000de680000,0x00000000de680000,0x00000000deb80000)
 ParOldGen       total 87552K, used 10872K [0x0000000081e00000, 0x0000000087380000, 0x00000000d5f80000)
  object space 87552K, 12% used [0x0000000081e00000,0x000000008289e330,0x0000000087380000)
 Metaspace       used 20753K, capacity 21130K, committed 21296K, reserved 1067008K
  class space    used 2708K, capacity 2835K, committed 2864K, reserved 1048576K
}
Event: 1.090 GC heap before
{Heap before GC invocations=4 (full 1):
 PSYoungGen      total 71680K, used 5092K [0x00000000d5f80000, 0x00000000deb80000, 0x0000000100000000)
  eden space 66560K, 0% used [0x00000000d5f80000,0x00000000d5f80000,0x00000000da080000)
  from space 5120K, 99% used [0x00000000da080000,0x00000000da579050,0x00000000da580000)
  to   space 5120K, 0% used [0x00000000de680000,0x00000000de680000,0x00000000deb80000)
 ParOldGen       total 87552K, used 10872K [0x0000000081e00000, 0x0000000087380000, 0x00000000d5f80000)
  object space 87552K, 12% used [0x0000000081e00000,0x000000008289e330,0x0000000087380000)
 Metaspace       used 20753K, capacity 21130K, committed 21296K, reserved 1067008K
  class space    used 2708K, capacity 2835K, committed 2864K, reserved 1048576K
Event: 1.114 GC heap after
Heap after GC invocations=4 (full 1):
 PSYoungGen      total 71680K, used 0K [0x00000000d5f80000, 0x00000000deb80000, 0x0000000100000000)
  eden space 66560K, 0% used [0x00000000d5f80000,0x00000000d5f80000,0x00000000da080000)
  from space 5120K, 0% used [0x00000000da080000,0x00000000da080000,0x00000000da580000)
  to   space 5120K, 0% used [0x00000000de680000,0x00000000de680000,0x00000000deb80000)
 ParOldGen       total 65024K, used 7793K [0x0000000081e00000, 0x0000000085d80000, 0x00000000d5f80000)
  object space 65024K, 11% used [0x0000000081e00000,0x000000008259c728,0x0000000085d80000)
 Metaspace       used 20753K, capacity 21130K, committed 21296K, reserved 1067008K
  class space    used 2708K, capacity 2835K, committed 2864K, reserved 1048576K
}
Event: 2.216 GC heap before
{Heap before GC invocations=5 (full 1):
 PSYoungGen      total 71680K, used 66560K [0x00000000d5f80000, 0x00000000deb80000, 0x0000000100000000)
  eden space 66560K, 100% used [0x00000000d5f80000,0x00000000da080000,0x00000000da080000)
  from space 5120K, 0% used [0x00000000da080000,0x00000000da080000,0x00000000da580000)
  to   space 5120K, 0% used [0x00000000de680000,0x00000000de680000,0x00000000deb80000)
 ParOldGen       total 65024K, used 7793K [0x0000000081e00000, 0x0000000085d80000, 0x00000000d5f80000)
  object space 65024K, 11% used [0x0000000081e00000,0x000000008259c728,0x0000000085d80000)
 Metaspace       used 30177K, capacity 30685K, committed 31024K, reserved 1077248K
  class space    used 3926K, capacity 4094K, committed 4144K, reserved 1048576K
Event: 2.239 GC heap after
Heap after GC invocations=5 (full 1):
 PSYoungGen      total 102912K, used 5118K [0x00000000d5f80000, 0x00000000deb80000, 0x0000000100000000)
  eden space 97792K, 0% used [0x00000000d5f80000,0x00000000d5f80000,0x00000000dbf00000)
  from space 5120K, 99% used [0x00000000de680000,0x00000000deb7fb18,0x00000000deb80000)
  to   space 5120K, 0% used [0x00000000de180000,0x00000000de180000,0x00000000de680000)
 ParOldGen       total 65024K, used 20082K [0x0000000081e00000, 0x0000000085d80000, 0x00000000d5f80000)
  object space 65024K, 30% used [0x0000000081e00000,0x000000008319cb50,0x0000000085d80000)
 Metaspace       used 30177K, capacity 30685K, committed 31024K, reserved 1077248K
  class space    used 3926K, capacity 4094K, committed 4144K, reserved 1048576K
}
Event: 3.587 GC heap before
{Heap before GC invocations=6 (full 1):
 PSYoungGen      total 102912K, used 47231K [0x00000000d5f80000, 0x00000000deb80000, 0x0000000100000000)
  eden space 97792K, 43% used [0x00000000d5f80000,0x00000000d88a03e0,0x00000000dbf00000)
  from space 5120K, 99% used [0x00000000de680000,0x00000000deb7fb18,0x00000000deb80000)
  to   space 5120K, 0% used [0x00000000de180000,0x00000000de180000,0x00000000de680000)
 ParOldGen       total 65024K, used 20082K [0x0000000081e00000, 0x0000000085d80000, 0x00000000d5f80000)
  object space 65024K, 30% used [0x0000000081e00000,0x000000008319cb50,0x0000000085d80000)
 Metaspace       used 34772K, capacity 35279K, committed 35496K, reserved 1081344K
  class space    used 4444K, capacity 4605K, committed 4656K, reserved 1048576K
Event: 3.615 GC heap after
Heap after GC invocations=6 (full 1):
 PSYoungGen      total 138240K, used 5118K [0x00000000d5f80000, 0x00000000e1200000, 0x0000000100000000)
  eden space 133120K, 0% used [0x00000000d5f80000,0x00000000d5f80000,0x00000000de180000)
  from space 5120K, 99% used [0x00000000de180000,0x00000000de67fb18,0x00000000de680000)
  to   space 19456K, 0% used [0x00000000dff00000,0x00000000dff00000,0x00000000e1200000)
 ParOldGen       total 65024K, used 30268K [0x0000000081e00000, 0x0000000085d80000, 0x00000000d5f80000)
  object space 65024K, 46% used [0x0000000081e00000,0x0000000083b8f080,0x0000000085d80000)
 Metaspace       used 34772K, capacity 35279K, committed 35496K, reserved 1081344K
  class space    used 4444K, capacity 4605K, committed 4656K, reserved 1048576K
}
Event: 3.615 GC heap before
{Heap before GC invocations=7 (full 2):
 PSYoungGen      total 138240K, used 5118K [0x00000000d5f80000, 0x00000000e1200000, 0x0000000100000000)
  eden space 133120K, 0% used [0x00000000d5f80000,0x00000000d5f80000,0x00000000de180000)
  from space 5120K, 99% used [0x00000000de180000,0x00000000de67fb18,0x00000000de680000)
  to   space 19456K, 0% used [0x00000000dff00000,0x00000000dff00000,0x00000000e1200000)
 ParOldGen       total 65024K, used 30268K [0x0000000081e00000, 0x0000000085d80000, 0x00000000d5f80000)
  object space 65024K, 46% used [0x0000000081e00000,0x0000000083b8f080,0x0000000085d80000)
 Metaspace       used 34772K, capacity 35279K, committed 35496K, reserved 1081344K
  class space    used 4444K, capacity 4605K, committed 4656K, reserved 1048576K
Event: 3.792 GC heap after
Heap after GC invocations=7 (full 2):
 PSYoungGen      total 138240K, used 0K [0x00000000d5f80000, 0x00000000e1200000, 0x0000000100000000)
  eden space 133120K, 0% used [0x00000000d5f80000,0x00000000d5f80000,0x00000000de180000)
  from space 5120K, 0% used [0x00000000de180000,0x00000000de180000,0x00000000de680000)
  to   space 19456K, 0% used [0x00000000dff00000,0x00000000dff00000,0x00000000e1200000)
 ParOldGen       total 123392K, used 22359K [0x0000000081e00000, 0x0000000089680000, 0x00000000d5f80000)
  object space 123392K, 18% used [0x0000000081e00000,0x00000000833d5dd0,0x0000000089680000)
 Metaspace       used 34772K, capacity 35279K, committed 35496K, reserved 1081344K
  class space    used 4444K, capacity 4605K, committed 4656K, reserved 1048576K
}

