# JRE version: OpenJDK Runtime Environment (8.0_152-b01) (build 1.8.0_152-release-1343-b01)
# Java VM: OpenJDK 64-Bit Server VM (25.152-b01 mixed mode windows-amd64 compressed oops)
Heap:
 PSYoungGen      total 159232K, used 21294K [0x00000000f5580000, 0x0000000100000000, 0x0000000100000000)
  eden space 145920K, 5% used [0x00000000f5580000,0x00000000f5dc72c0,0x00000000fe400000)
  from space 13312K, 96% used [0x00000000fe400000,0x00000000ff0845d0,0x00000000ff100000)
  to   space 15360K, 0% used [0x00000000ff100000,0x00000000ff100000,0x0000000100000000)
 ParOldGen       total 57344K, used 27880K [0x00000000e0000000, 0x00000000e3800000, 0x00000000f5580000)
  object space 57344K, 48% used [0x00000000e0000000,0x00000000e1b3a278,0x00000000e3800000)
 Metaspace       used 57237K, capacity 58636K, committed 58792K, reserved 1099776K
  class space    used 7683K, capacity 8081K, committed 8112K, reserved 1048576K
GC Heap History (10 events):
Event: 6.523 GC heap before
{Heap before GC invocations=9 (full 1):
 PSYoungGen      total 76800K, used 74446K [0x00000000f5580000, 0x00000000fd680000, 0x0000000100000000)
  eden space 66560K, 100% used [0x00000000f5580000,0x00000000f9680000,0x00000000f9680000)
  from space 10240K, 77% used [0x00000000f9680000,0x00000000f9e339b8,0x00000000fa080000)
  to   space 10240K, 0% used [0x00000000fcc80000,0x00000000fcc80000,0x00000000fd680000)
 ParOldGen       total 57344K, used 7891K [0x00000000e0000000, 0x00000000e3800000, 0x00000000f5580000)
  object space 57344K, 13% used [0x00000000e0000000,0x00000000e07b4da0,0x00000000e3800000)
 Metaspace       used 31970K, capacity 32528K, committed 32816K, reserved 1077248K
  class space    used 4398K, capacity 4558K, committed 4656K, reserved 1048576K
Event: 6.539 GC heap after
Heap after GC invocations=9 (full 1):
 PSYoungGen      total 120832K, used 9014K [0x00000000f5580000, 0x00000000fd880000, 0x0000000100000000)
  eden space 110592K, 0% used [0x00000000f5580000,0x00000000f5580000,0x00000000fc180000)
  from space 10240K, 88% used [0x00000000fcc80000,0x00000000fd54da90,0x00000000fd680000)
  to   space 11264K, 0% used [0x00000000fc180000,0x00000000fc180000,0x00000000fcc80000)
 ParOldGen       total 57344K, used 7899K [0x00000000e0000000, 0x00000000e3800000, 0x00000000f5580000)
  object space 57344K, 13% used [0x00000000e0000000,0x00000000e07b6da0,0x00000000e3800000)
 Metaspace       used 31970K, capacity 32528K, committed 32816K, reserved 1077248K
  class space    used 4398K, capacity 4558K, committed 4656K, reserved 1048576K
}
Event: 8.279 GC heap before
{Heap before GC invocations=10 (full 1):
 PSYoungGen      total 120832K, used 63149K [0x00000000f5580000, 0x00000000fd880000, 0x0000000100000000)
  eden space 110592K, 48% used [0x00000000f5580000,0x00000000f8a5d978,0x00000000fc180000)
  from space 10240K, 88% used [0x00000000fcc80000,0x00000000fd54da90,0x00000000fd680000)
  to   space 11264K, 0% used [0x00000000fc180000,0x00000000fc180000,0x00000000fcc80000)
 ParOldGen       total 57344K, used 7899K [0x00000000e0000000, 0x00000000e3800000, 0x00000000f5580000)
  object space 57344K, 13% used [0x00000000e0000000,0x00000000e07b6da0,0x00000000e3800000)
 Metaspace       used 34681K, capacity 35444K, committed 35496K, reserved 1079296K
  class space    used 4776K, capacity 4995K, committed 5040K, reserved 1048576K
Event: 8.293 GC heap after
Heap after GC invocations=10 (full 1):
 PSYoungGen      total 121856K, used 10740K [0x00000000f5580000, 0x0000000100000000, 0x0000000100000000)
  eden space 110592K, 0% used [0x00000000f5580000,0x00000000f5580000,0x00000000fc180000)
  from space 11264K, 95% used [0x00000000fc180000,0x00000000fcbfd3e8,0x00000000fcc80000)
  to   space 12288K, 0% used [0x00000000ff400000,0x00000000ff400000,0x0000000100000000)
 ParOldGen       total 57344K, used 7907K [0x00000000e0000000, 0x00000000e3800000, 0x00000000f5580000)
  object space 57344K, 13% used [0x00000000e0000000,0x00000000e07b8da0,0x00000000e3800000)
 Metaspace       used 34681K, capacity 35444K, committed 35496K, reserved 1079296K
  class space    used 4776K, capacity 4995K, committed 5040K, reserved 1048576K
}
Event: 8.294 GC heap before
{Heap before GC invocations=11 (full 2):
 PSYoungGen      total 121856K, used 10740K [0x00000000f5580000, 0x0000000100000000, 0x0000000100000000)
  eden space 110592K, 0% used [0x00000000f5580000,0x00000000f5580000,0x00000000fc180000)
  from space 11264K, 95% used [0x00000000fc180000,0x00000000fcbfd3e8,0x00000000fcc80000)
  to   space 12288K, 0% used [0x00000000ff400000,0x00000000ff400000,0x0000000100000000)
 ParOldGen       total 57344K, used 7907K [0x00000000e0000000, 0x00000000e3800000, 0x00000000f5580000)
  object space 57344K, 13% used [0x00000000e0000000,0x00000000e07b8da0,0x00000000e3800000)
 Metaspace       used 34681K, capacity 35444K, committed 35496K, reserved 1079296K
  class space    used 4776K, capacity 4995K, committed 5040K, reserved 1048576K
Event: 8.384 GC heap after
Heap after GC invocations=11 (full 2):
 PSYoungGen      total 121856K, used 0K [0x00000000f5580000, 0x0000000100000000, 0x0000000100000000)
  eden space 110592K, 0% used [0x00000000f5580000,0x00000000f5580000,0x00000000fc180000)
  from space 11264K, 0% used [0x00000000fc180000,0x00000000fc180000,0x00000000fcc80000)
  to   space 12288K, 0% used [0x00000000ff400000,0x00000000ff400000,0x0000000100000000)
 ParOldGen       total 57344K, used 17520K [0x00000000e0000000, 0x00000000e3800000, 0x00000000f5580000)
  object space 57344K, 30% used [0x00000000e0000000,0x00000000e111c148,0x00000000e3800000)
 Metaspace       used 34669K, capacity 35402K, committed 35496K, reserved 1079296K
  class space    used 4772K, capacity 4988K, committed 5040K, reserved 1048576K
}
Event: 9.995 GC heap before
{Heap before GC invocations=12 (full 2):
 PSYoungGen      total 121856K, used 110592K [0x00000000f5580000, 0x0000000100000000, 0x0000000100000000)
  eden space 110592K, 100% used [0x00000000f5580000,0x00000000fc180000,0x00000000fc180000)
  from space 11264K, 0% used [0x00000000fc180000,0x00000000fc180000,0x00000000fcc80000)
  to   space 12288K, 0% used [0x00000000ff400000,0x00000000ff400000,0x0000000100000000)
 ParOldGen       total 57344K, used 17520K [0x00000000e0000000, 0x00000000e3800000, 0x00000000f5580000)
  object space 57344K, 30% used [0x00000000e0000000,0x00000000e111c148,0x00000000e3800000)
 Metaspace       used 45325K, capacity 46308K, committed 46632K, reserved 1089536K
  class space    used 6088K, capacity 6387K, committed 6448K, reserved 1048576K
Event: 10.007 GC heap after
Heap after GC invocations=12 (full 2):
 PSYoungGen      total 153600K, used 12262K [0x00000000f5580000, 0x0000000100000000, 0x0000000100000000)
  eden space 141312K, 0% used [0x00000000f5580000,0x00000000f5580000,0x00000000fdf80000)
  from space 12288K, 99% used [0x00000000ff400000,0x00000000ffff9a60,0x0000000100000000)
  to   space 14336K, 0% used [0x00000000fe400000,0x00000000fe400000,0x00000000ff200000)
 ParOldGen       total 57344K, used 20408K [0x00000000e0000000, 0x00000000e3800000, 0x00000000f5580000)
  object space 57344K, 35% used [0x00000000e0000000,0x00000000e13ee1e0,0x00000000e3800000)
 Metaspace       used 45325K, capacity 46308K, committed 46632K, reserved 1089536K
  class space    used 6088K, capacity 6387K, committed 6448K, reserved 1048576K
}
Event: 12.804 GC heap before
{Heap before GC invocations=13 (full 2):
 PSYoungGen      total 153600K, used 153574K [0x00000000f5580000, 0x0000000100000000, 0x0000000100000000)
  eden space 141312K, 100% used [0x00000000f5580000,0x00000000fdf80000,0x00000000fdf80000)
  from space 12288K, 99% used [0x00000000ff400000,0x00000000ffff9a60,0x0000000100000000)
  to   space 14336K, 0% used [0x00000000fe400000,0x00000000fe400000,0x00000000ff200000)
 ParOldGen       total 57344K, used 20408K [0x00000000e0000000, 0x00000000e3800000, 0x00000000f5580000)
  object space 57344K, 35% used [0x00000000e0000000,0x00000000e13ee1e0,0x00000000e3800000)
 Metaspace       used 56337K, capacity 57680K, committed 57896K, reserved 1099776K
  class space    used 7545K, capacity 7899K, committed 7984K, reserved 1048576K
Event: 12.840 GC heap after
Heap after GC invocations=13 (full 2):
 PSYoungGen      total 159232K, used 12817K [0x00000000f5580000, 0x0000000100000000, 0x0000000100000000)
  eden space 145920K, 0% used [0x00000000f5580000,0x00000000f5580000,0x00000000fe400000)
  from space 13312K, 96% used [0x00000000fe400000,0x00000000ff0845d0,0x00000000ff100000)
  to   space 15360K, 0% used [0x00000000ff100000,0x00000000ff100000,0x0000000100000000)
 ParOldGen       total 57344K, used 27880K [0x00000000e0000000, 0x00000000e3800000, 0x00000000f5580000)
  object space 57344K, 48% used [0x00000000e0000000,0x00000000e1b3a278,0x00000000e3800000)
 Metaspace       used 56337K, capacity 57680K, committed 57896K, reserved 1099776K
  class space    used 7545K, capacity 7899K, committed 7984K, reserved 1048576K
}

