# JRE version: OpenJDK Runtime Environment (8.0_152-b01) (build 1.8.0_152-release-1343-b01)
# Java VM: OpenJDK 64-Bit Server VM (25.152-b01 mixed mode windows-amd64 compressed oops)
Heap:
 PSYoungGen      total 71680K, used 53217K [0x00000000f5580000, 0x00000000fad80000, 0x0000000100000000)
  eden space 66560K, 79% used [0x00000000f5580000,0x00000000f8978500,0x00000000f9680000)
  from space 5120K, 0% used [0x00000000f9680000,0x00000000f9680000,0x00000000f9b80000)
  to   space 5120K, 0% used [0x00000000fa880000,0x00000000fa880000,0x00000000fad80000)
 ParOldGen       total 110080K, used 20010K [0x00000000e0000000, 0x00000000e6b80000, 0x00000000f5580000)
  object space 110080K, 18% used [0x00000000e0000000,0x00000000e138ab08,0x00000000e6b80000)
 Metaspace       used 40788K, capacity 41469K, committed 41896K, reserved 1085440K
  class space    used 5266K, capacity 5453K, committed 5544K, reserved 1048576K
GC Heap History (10 events):
Event: 3.095 GC heap before
{Heap before GC invocations=4 (full 1):
 PSYoungGen      total 38400K, used 36979K [0x00000000f5580000, 0x00000000f8000000, 0x0000000100000000)
  eden space 33280K, 95% used [0x00000000f5580000,0x00000000f74a1450,0x00000000f7600000)
  from space 5120K, 99% used [0x00000000f7b00000,0x00000000f7ffb830,0x00000000f8000000)
  to   space 5120K, 0% used [0x00000000f7600000,0x00000000f7600000,0x00000000f7b00000)
 ParOldGen       total 87552K, used 5248K [0x00000000e0000000, 0x00000000e5580000, 0x00000000f5580000)
  object space 87552K, 5% used [0x00000000e0000000,0x00000000e05201c0,0x00000000e5580000)
 Metaspace       used 20719K, capacity 21054K, committed 21296K, reserved 1069056K
  class space    used 2454K, capacity 2573K, committed 2608K, reserved 1048576K
Event: 3.103 GC heap after
Heap after GC invocations=4 (full 1):
 PSYoungGen      total 38400K, used 5103K [0x00000000f5580000, 0x00000000fa080000, 0x0000000100000000)
  eden space 33280K, 0% used [0x00000000f5580000,0x00000000f5580000,0x00000000f7600000)
  from space 5120K, 99% used [0x00000000f7600000,0x00000000f7afbcf8,0x00000000f7b00000)
  to   space 5120K, 0% used [0x00000000f9b80000,0x00000000f9b80000,0x00000000fa080000)
 ParOldGen       total 87552K, used 10253K [0x00000000e0000000, 0x00000000e5580000, 0x00000000f5580000)
  object space 87552K, 11% used [0x00000000e0000000,0x00000000e0a03400,0x00000000e5580000)
 Metaspace       used 20719K, capacity 21054K, committed 21296K, reserved 1069056K
  class space    used 2454K, capacity 2573K, committed 2608K, reserved 1048576K
}
Event: 3.103 GC heap before
{Heap before GC invocations=5 (full 2):
 PSYoungGen      total 38400K, used 5103K [0x00000000f5580000, 0x00000000fa080000, 0x0000000100000000)
  eden space 33280K, 0% used [0x00000000f5580000,0x00000000f5580000,0x00000000f7600000)
  from space 5120K, 99% used [0x00000000f7600000,0x00000000f7afbcf8,0x00000000f7b00000)
  to   space 5120K, 0% used [0x00000000f9b80000,0x00000000f9b80000,0x00000000fa080000)
 ParOldGen       total 87552K, used 10253K [0x00000000e0000000, 0x00000000e5580000, 0x00000000f5580000)
  object space 87552K, 11% used [0x00000000e0000000,0x00000000e0a03400,0x00000000e5580000)
 Metaspace       used 20719K, capacity 21054K, committed 21296K, reserved 1069056K
  class space    used 2454K, capacity 2573K, committed 2608K, reserved 1048576K
Event: 3.130 GC heap after
Heap after GC invocations=5 (full 2):
 PSYoungGen      total 38400K, used 0K [0x00000000f5580000, 0x00000000fa080000, 0x0000000100000000)
  eden space 33280K, 0% used [0x00000000f5580000,0x00000000f5580000,0x00000000f7600000)
  from space 5120K, 0% used [0x00000000f7600000,0x00000000f7600000,0x00000000f7b00000)
  to   space 5120K, 0% used [0x00000000f9b80000,0x00000000f9b80000,0x00000000fa080000)
 ParOldGen       total 66048K, used 11111K [0x00000000e0000000, 0x00000000e4080000, 0x00000000f5580000)
  object space 66048K, 16% used [0x00000000e0000000,0x00000000e0ad9c00,0x00000000e4080000)
 Metaspace       used 20719K, capacity 21054K, committed 21296K, reserved 1069056K
  class space    used 2454K, capacity 2573K, committed 2608K, reserved 1048576K
}
Event: 3.815 GC heap before
{Heap before GC invocations=6 (full 2):
 PSYoungGen      total 38400K, used 33280K [0x00000000f5580000, 0x00000000fa080000, 0x0000000100000000)
  eden space 33280K, 100% used [0x00000000f5580000,0x00000000f7600000,0x00000000f7600000)
  from space 5120K, 0% used [0x00000000f7600000,0x00000000f7600000,0x00000000f7b00000)
  to   space 5120K, 0% used [0x00000000f9b80000,0x00000000f9b80000,0x00000000fa080000)
 ParOldGen       total 66048K, used 11111K [0x00000000e0000000, 0x00000000e4080000, 0x00000000f5580000)
  object space 66048K, 16% used [0x00000000e0000000,0x00000000e0ad9c00,0x00000000e4080000)
 Metaspace       used 29180K, capacity 29671K, committed 30000K, reserved 1075200K
  class space    used 3931K, capacity 4094K, committed 4144K, reserved 1048576K
Event: 3.826 GC heap after
Heap after GC invocations=6 (full 2):
 PSYoungGen      total 57344K, used 5108K [0x00000000f5580000, 0x00000000fa080000, 0x0000000100000000)
  eden space 52224K, 0% used [0x00000000f5580000,0x00000000f5580000,0x00000000f8880000)
  from space 5120K, 99% used [0x00000000f9b80000,0x00000000fa07d010,0x00000000fa080000)
  to   space 5120K, 0% used [0x00000000f9680000,0x00000000f9680000,0x00000000f9b80000)
 ParOldGen       total 66048K, used 14399K [0x00000000e0000000, 0x00000000e4080000, 0x00000000f5580000)
  object space 66048K, 21% used [0x00000000e0000000,0x00000000e0e0fcf8,0x00000000e4080000)
 Metaspace       used 29180K, capacity 29671K, committed 30000K, reserved 1075200K
  class space    used 3931K, capacity 4094K, committed 4144K, reserved 1048576K
}
Event: 6.578 GC heap before
{Heap before GC invocations=7 (full 2):
 PSYoungGen      total 57344K, used 52140K [0x00000000f5580000, 0x00000000fa080000, 0x0000000100000000)
  eden space 52224K, 90% used [0x00000000f5580000,0x00000000f836e218,0x00000000f8880000)
  from space 5120K, 99% used [0x00000000f9b80000,0x00000000fa07d010,0x00000000fa080000)
  to   space 5120K, 0% used [0x00000000f9680000,0x00000000f9680000,0x00000000f9b80000)
 ParOldGen       total 66048K, used 14399K [0x00000000e0000000, 0x00000000e4080000, 0x00000000f5580000)
  object space 66048K, 21% used [0x00000000e0000000,0x00000000e0e0fcf8,0x00000000e4080000)
 Metaspace       used 34628K, capacity 35145K, committed 35496K, reserved 1079296K
  class space    used 4526K, capacity 4687K, committed 4776K, reserved 1048576K
Event: 6.594 GC heap after
Heap after GC invocations=7 (full 2):
 PSYoungGen      total 71680K, used 5106K [0x00000000f5580000, 0x00000000fad80000, 0x0000000100000000)
  eden space 66560K, 0% used [0x00000000f5580000,0x00000000f5580000,0x00000000f9680000)
  from space 5120K, 99% used [0x00000000f9680000,0x00000000f9b7cb48,0x00000000f9b80000)
  to   space 5120K, 0% used [0x00000000fa880000,0x00000000fa880000,0x00000000fad80000)
 ParOldGen       total 66048K, used 23321K [0x00000000e0000000, 0x00000000e4080000, 0x00000000f5580000)
  object space 66048K, 35% used [0x00000000e0000000,0x00000000e16c64f8,0x00000000e4080000)
 Metaspace       used 34628K, capacity 35145K, committed 35496K, reserved 1079296K
  class space    used 4526K, capacity 4687K, committed 4776K, reserved 1048576K
}
Event: 6.594 GC heap before
{Heap before GC invocations=8 (full 3):
 PSYoungGen      total 71680K, used 5106K [0x00000000f5580000, 0x00000000fad80000, 0x0000000100000000)
  eden space 66560K, 0% used [0x00000000f5580000,0x00000000f5580000,0x00000000f9680000)
  from space 5120K, 99% used [0x00000000f9680000,0x00000000f9b7cb48,0x00000000f9b80000)
  to   space 5120K, 0% used [0x00000000fa880000,0x00000000fa880000,0x00000000fad80000)
 ParOldGen       total 66048K, used 23321K [0x00000000e0000000, 0x00000000e4080000, 0x00000000f5580000)
  object space 66048K, 35% used [0x00000000e0000000,0x00000000e16c64f8,0x00000000e4080000)
 Metaspace       used 34628K, capacity 35145K, committed 35496K, reserved 1079296K
  class space    used 4526K, capacity 4687K, committed 4776K, reserved 1048576K
Event: 6.710 GC heap after
Heap after GC invocations=8 (full 3):
 PSYoungGen      total 71680K, used 0K [0x00000000f5580000, 0x00000000fad80000, 0x0000000100000000)
  eden space 66560K, 0% used [0x00000000f5580000,0x00000000f5580000,0x00000000f9680000)
  from space 5120K, 0% used [0x00000000f9680000,0x00000000f9680000,0x00000000f9b80000)
  to   space 5120K, 0% used [0x00000000fa880000,0x00000000fa880000,0x00000000fad80000)
 ParOldGen       total 110080K, used 20010K [0x00000000e0000000, 0x00000000e6b80000, 0x00000000f5580000)
  object space 110080K, 18% used [0x00000000e0000000,0x00000000e138ab08,0x00000000e6b80000)
 Metaspace       used 34628K, capacity 35145K, committed 35496K, reserved 1079296K
  class space    used 4526K, capacity 4687K, committed 4776K, reserved 1048576K
}

