# JRE version: OpenJDK Runtime Environment (8.0_152-b01) (build 1.8.0_152-release-1343-b01)
# Java VM: OpenJDK 64-Bit Server VM (25.152-b01 mixed mode windows-amd64 compressed oops)
Heap:
 PSYoungGen      total 116736K, used 52063K [0x00000000f5580000, 0x0000000100000000, 0x0000000100000000)
  eden space 58880K, 69% used [0x00000000f5580000,0x00000000f7d88750,0x00000000f8f00000)
  from space 57856K, 19% used [0x00000000f8f00000,0x00000000f99cf7c8,0x00000000fc780000)
  to   space 57856K, 0% used [0x00000000fc780000,0x00000000fc780000,0x0000000100000000)
 ParOldGen       total 224768K, used 39281K [0x00000000e0000000, 0x00000000edb80000, 0x00000000f5580000)
  object space 224768K, 17% used [0x00000000e0000000,0x00000000e265c438,0x00000000edb80000)
 Metaspace       used 67147K, capacity 69007K, committed 70872K, reserved 1112064K
  class space    used 7610K, capacity 8074K, committed 8408K, reserved 1048576K
GC Heap History (10 events):
Event: 1332.950 GC heap before
{Heap before GC invocations=36 (full 4):
 PSYoungGen      total 116736K, used 65038K [0x00000000f5580000, 0x0000000100000000, 0x0000000100000000)
  eden space 58880K, 99% used [0x00000000f5580000,0x00000000f8e7d530,0x00000000f8f00000)
  from space 57856K, 11% used [0x00000000f8f00000,0x00000000f9586588,0x00000000fc780000)
  to   space 57856K, 0% used [0x00000000fc780000,0x00000000fc780000,0x0000000100000000)
 ParOldGen       total 206336K, used 156515K [0x00000000e0000000, 0x00000000ec980000, 0x00000000f5580000)
  object space 206336K, 75% used [0x00000000e0000000,0x00000000e98d8d68,0x00000000ec980000)
 Metaspace       used 68065K, capacity 70039K, committed 70232K, reserved 1112064K
  class space    used 7772K, capacity 8264K, committed 8280K, reserved 1048576K
Event: 1332.969 GC heap after
Heap after GC invocations=36 (full 4):
 PSYoungGen      total 116736K, used 17872K [0x00000000f5580000, 0x0000000100000000, 0x0000000100000000)
  eden space 58880K, 0% used [0x00000000f5580000,0x00000000f5580000,0x00000000f8f00000)
  from space 57856K, 30% used [0x00000000fc780000,0x00000000fd8f4228,0x0000000100000000)
  to   space 57856K, 0% used [0x00000000f8f00000,0x00000000f8f00000,0x00000000fc780000)
 ParOldGen       total 206336K, used 157119K [0x00000000e0000000, 0x00000000ec980000, 0x00000000f5580000)
  object space 206336K, 76% used [0x00000000e0000000,0x00000000e996fe48,0x00000000ec980000)
 Metaspace       used 68065K, capacity 70039K, committed 70232K, reserved 1112064K
  class space    used 7772K, capacity 8264K, committed 8280K, reserved 1048576K
}
Event: 1728.384 GC heap before
{Heap before GC invocations=37 (full 4):
 PSYoungGen      total 116736K, used 76752K [0x00000000f5580000, 0x0000000100000000, 0x0000000100000000)
  eden space 58880K, 100% used [0x00000000f5580000,0x00000000f8f00000,0x00000000f8f00000)
  from space 57856K, 30% used [0x00000000fc780000,0x00000000fd8f4228,0x0000000100000000)
  to   space 57856K, 0% used [0x00000000f8f00000,0x00000000f8f00000,0x00000000fc780000)
 ParOldGen       total 206336K, used 157119K [0x00000000e0000000, 0x00000000ec980000, 0x00000000f5580000)
  object space 206336K, 76% used [0x00000000e0000000,0x00000000e996fe48,0x00000000ec980000)
 Metaspace       used 68382K, capacity 70367K, committed 70616K, reserved 1112064K
  class space    used 7799K, capacity 8306K, committed 8408K, reserved 1048576K
Event: 1728.405 GC heap after
Heap after GC invocations=37 (full 4):
 PSYoungGen      total 116736K, used 23251K [0x00000000f5580000, 0x0000000100000000, 0x0000000100000000)
  eden space 58880K, 0% used [0x00000000f5580000,0x00000000f5580000,0x00000000f8f00000)
  from space 57856K, 40% used [0x00000000f8f00000,0x00000000fa5b4ef0,0x00000000fc780000)
  to   space 57856K, 0% used [0x00000000fc780000,0x00000000fc780000,0x0000000100000000)
 ParOldGen       total 206336K, used 161134K [0x00000000e0000000, 0x00000000ec980000, 0x00000000f5580000)
  object space 206336K, 78% used [0x00000000e0000000,0x00000000e9d5bae0,0x00000000ec980000)
 Metaspace       used 68382K, capacity 70367K, committed 70616K, reserved 1112064K
  class space    used 7799K, capacity 8306K, committed 8408K, reserved 1048576K
}
Event: 1728.908 GC heap before
{Heap before GC invocations=38 (full 4):
 PSYoungGen      total 116736K, used 82131K [0x00000000f5580000, 0x0000000100000000, 0x0000000100000000)
  eden space 58880K, 100% used [0x00000000f5580000,0x00000000f8f00000,0x00000000f8f00000)
  from space 57856K, 40% used [0x00000000f8f00000,0x00000000fa5b4ef0,0x00000000fc780000)
  to   space 57856K, 0% used [0x00000000fc780000,0x00000000fc780000,0x0000000100000000)
 ParOldGen       total 206336K, used 161134K [0x00000000e0000000, 0x00000000ec980000, 0x00000000f5580000)
  object space 206336K, 78% used [0x00000000e0000000,0x00000000e9d5bae0,0x00000000ec980000)
 Metaspace       used 68649K, capacity 70661K, committed 70872K, reserved 1112064K
  class space    used 7831K, capacity 8339K, committed 8408K, reserved 1048576K
Event: 1728.945 GC heap after
Heap after GC invocations=38 (full 4):
 PSYoungGen      total 116736K, used 15167K [0x00000000f5580000, 0x0000000100000000, 0x0000000100000000)
  eden space 58880K, 0% used [0x00000000f5580000,0x00000000f5580000,0x00000000f8f00000)
  from space 57856K, 26% used [0x00000000fc780000,0x00000000fd64fe68,0x0000000100000000)
  to   space 57856K, 0% used [0x00000000f8f00000,0x00000000f8f00000,0x00000000fc780000)
 ParOldGen       total 206336K, used 183377K [0x00000000e0000000, 0x00000000ec980000, 0x00000000f5580000)
  object space 206336K, 88% used [0x00000000e0000000,0x00000000eb3145b0,0x00000000ec980000)
 Metaspace       used 68649K, capacity 70661K, committed 70872K, reserved 1112064K
  class space    used 7831K, capacity 8339K, committed 8408K, reserved 1048576K
}
Event: 1728.945 GC heap before
{Heap before GC invocations=39 (full 5):
 PSYoungGen      total 116736K, used 15167K [0x00000000f5580000, 0x0000000100000000, 0x0000000100000000)
  eden space 58880K, 0% used [0x00000000f5580000,0x00000000f5580000,0x00000000f8f00000)
  from space 57856K, 26% used [0x00000000fc780000,0x00000000fd64fe68,0x0000000100000000)
  to   space 57856K, 0% used [0x00000000f8f00000,0x00000000f8f00000,0x00000000fc780000)
 ParOldGen       total 206336K, used 183377K [0x00000000e0000000, 0x00000000ec980000, 0x00000000f5580000)
  object space 206336K, 88% used [0x00000000e0000000,0x00000000eb3145b0,0x00000000ec980000)
 Metaspace       used 68649K, capacity 70661K, committed 70872K, reserved 1112064K
  class space    used 7831K, capacity 8339K, committed 8408K, reserved 1048576K
Event: 1729.200 GC heap after
Heap after GC invocations=39 (full 5):
 PSYoungGen      total 116736K, used 0K [0x00000000f5580000, 0x0000000100000000, 0x0000000100000000)
  eden space 58880K, 0% used [0x00000000f5580000,0x00000000f5580000,0x00000000f8f00000)
  from space 57856K, 0% used [0x00000000fc780000,0x00000000fc780000,0x0000000100000000)
  to   space 57856K, 0% used [0x00000000f8f00000,0x00000000f8f00000,0x00000000fc780000)
 ParOldGen       total 224768K, used 39273K [0x00000000e0000000, 0x00000000edb80000, 0x00000000f5580000)
  object space 224768K, 17% used [0x00000000e0000000,0x00000000e265a438,0x00000000edb80000)
 Metaspace       used 66433K, capacity 68149K, committed 70872K, reserved 1112064K
  class space    used 7534K, capacity 7959K, committed 8408K, reserved 1048576K
}
Event: 2162.456 GC heap before
{Heap before GC invocations=40 (full 5):
 PSYoungGen      total 116736K, used 58880K [0x00000000f5580000, 0x0000000100000000, 0x0000000100000000)
  eden space 58880K, 100% used [0x00000000f5580000,0x00000000f8f00000,0x00000000f8f00000)
  from space 57856K, 0% used [0x00000000fc780000,0x00000000fc780000,0x0000000100000000)
  to   space 57856K, 0% used [0x00000000f8f00000,0x00000000f8f00000,0x00000000fc780000)
 ParOldGen       total 224768K, used 39273K [0x00000000e0000000, 0x00000000edb80000, 0x00000000f5580000)
  object space 224768K, 17% used [0x00000000e0000000,0x00000000e265a438,0x00000000edb80000)
 Metaspace       used 67045K, capacity 68911K, committed 70872K, reserved 1112064K
  class space    used 7598K, capacity 8042K, committed 8408K, reserved 1048576K
Event: 2162.466 GC heap after
Heap after GC invocations=40 (full 5):
 PSYoungGen      total 116736K, used 11069K [0x00000000f5580000, 0x0000000100000000, 0x0000000100000000)
  eden space 58880K, 0% used [0x00000000f5580000,0x00000000f5580000,0x00000000f8f00000)
  from space 57856K, 19% used [0x00000000f8f00000,0x00000000f99cf7c8,0x00000000fc780000)
  to   space 57856K, 0% used [0x00000000fc780000,0x00000000fc780000,0x0000000100000000)
 ParOldGen       total 224768K, used 39281K [0x00000000e0000000, 0x00000000edb80000, 0x00000000f5580000)
  object space 224768K, 17% used [0x00000000e0000000,0x00000000e265c438,0x00000000edb80000)
 Metaspace       used 67045K, capacity 68911K, committed 70872K, reserved 1112064K
  class space    used 7598K, capacity 8042K, committed 8408K, reserved 1048576K
}

