# JRE version: OpenJDK Runtime Environment (8.0_152-b01) (build 1.8.0_152-release-1343-b01)
# Java VM: OpenJDK 64-Bit Server VM (25.152-b01 mixed mode windows-amd64 compressed oops)
Heap:
 PSYoungGen      total 104960K, used 58541K [0x00000000d5f80000, 0x00000000de080000, 0x0000000100000000)
  eden space 87040K, 46% used [0x00000000d5f80000,0x00000000d872d4d8,0x00000000db480000)
  from space 17920K, 99% used [0x00000000dc880000,0x00000000dd9fe0a0,0x00000000dda00000)
  to   space 20480K, 0% used [0x00000000db480000,0x00000000db480000,0x00000000dc880000)
 ParOldGen       total 65024K, used 20643K [0x0000000081e00000, 0x0000000085d80000, 0x00000000d5f80000)
  object space 65024K, 31% used [0x0000000081e00000,0x0000000083228fe0,0x0000000085d80000)
 Metaspace       used 44412K, capacity 45183K, committed 45488K, reserved 1089536K
  class space    used 5561K, capacity 5783K, committed 5808K, reserved 1048576K
GC Heap History (10 events):
Event: 2.715 GC heap before
{Heap before GC invocations=6 (full 1):
 PSYoungGen      total 53248K, used 53231K [0x00000000d5f80000, 0x00000000daa80000, 0x0000000100000000)
  eden space 48128K, 100% used [0x00000000d5f80000,0x00000000d8e80000,0x00000000d8e80000)
  from space 5120K, 99% used [0x00000000da580000,0x00000000daa7bfb8,0x00000000daa80000)
  to   space 5120K, 0% used [0x00000000da080000,0x00000000da080000,0x00000000da580000)
 ParOldGen       total 65024K, used 10339K [0x0000000081e00000, 0x0000000085d80000, 0x00000000d5f80000)
  object space 65024K, 15% used [0x0000000081e00000,0x0000000082818de0,0x0000000085d80000)
 Metaspace       used 33013K, capacity 33505K, committed 33840K, reserved 1079296K
  class space    used 4232K, capacity 4364K, committed 4400K, reserved 1048576K
Event: 2.739 GC heap after
Heap after GC invocations=6 (full 1):
 PSYoungGen      total 71680K, used 5095K [0x00000000d5f80000, 0x00000000dc500000, 0x0000000100000000)
  eden space 66560K, 0% used [0x00000000d5f80000,0x00000000d5f80000,0x00000000da080000)
  from space 5120K, 99% used [0x00000000da080000,0x00000000da579fd8,0x00000000da580000)
  to   space 16896K, 0% used [0x00000000db480000,0x00000000db480000,0x00000000dc500000)
 ParOldGen       total 65024K, used 22932K [0x0000000081e00000, 0x0000000085d80000, 0x00000000d5f80000)
  object space 65024K, 35% used [0x0000000081e00000,0x0000000083465358,0x0000000085d80000)
 Metaspace       used 33013K, capacity 33505K, committed 33840K, reserved 1079296K
  class space    used 4232K, capacity 4364K, committed 4400K, reserved 1048576K
}
Event: 3.402 GC heap before
{Heap before GC invocations=7 (full 1):
 PSYoungGen      total 71680K, used 25257K [0x00000000d5f80000, 0x00000000dc500000, 0x0000000100000000)
  eden space 66560K, 30% used [0x00000000d5f80000,0x00000000d73304c8,0x00000000da080000)
  from space 5120K, 99% used [0x00000000da080000,0x00000000da579fd8,0x00000000da580000)
  to   space 16896K, 0% used [0x00000000db480000,0x00000000db480000,0x00000000dc500000)
 ParOldGen       total 65024K, used 22932K [0x0000000081e00000, 0x0000000085d80000, 0x00000000d5f80000)
  object space 65024K, 35% used [0x0000000081e00000,0x0000000083465358,0x0000000085d80000)
 Metaspace       used 34754K, capacity 35279K, committed 35496K, reserved 1081344K
  class space    used 4439K, capacity 4605K, committed 4656K, reserved 1048576K
Event: 3.419 GC heap after
Heap after GC invocations=7 (full 1):
 PSYoungGen      total 88064K, used 10438K [0x00000000d5f80000, 0x00000000ddf00000, 0x0000000100000000)
  eden space 71168K, 0% used [0x00000000d5f80000,0x00000000d5f80000,0x00000000da500000)
  from space 16896K, 61% used [0x00000000db480000,0x00000000dbeb1908,0x00000000dc500000)
  to   space 15872K, 0% used [0x00000000da500000,0x00000000da500000,0x00000000db480000)
 ParOldGen       total 65024K, used 22940K [0x0000000081e00000, 0x0000000085d80000, 0x00000000d5f80000)
  object space 65024K, 35% used [0x0000000081e00000,0x0000000083467358,0x0000000085d80000)
 Metaspace       used 34754K, capacity 35279K, committed 35496K, reserved 1081344K
  class space    used 4439K, capacity 4605K, committed 4656K, reserved 1048576K
}
Event: 3.419 GC heap before
{Heap before GC invocations=8 (full 2):
 PSYoungGen      total 88064K, used 10438K [0x00000000d5f80000, 0x00000000ddf00000, 0x0000000100000000)
  eden space 71168K, 0% used [0x00000000d5f80000,0x00000000d5f80000,0x00000000da500000)
  from space 16896K, 61% used [0x00000000db480000,0x00000000dbeb1908,0x00000000dc500000)
  to   space 15872K, 0% used [0x00000000da500000,0x00000000da500000,0x00000000db480000)
 ParOldGen       total 65024K, used 22940K [0x0000000081e00000, 0x0000000085d80000, 0x00000000d5f80000)
  object space 65024K, 35% used [0x0000000081e00000,0x0000000083467358,0x0000000085d80000)
 Metaspace       used 34754K, capacity 35279K, committed 35496K, reserved 1081344K
  class space    used 4439K, capacity 4605K, committed 4656K, reserved 1048576K
Event: 3.587 GC heap after
Heap after GC invocations=8 (full 2):
 PSYoungGen      total 88064K, used 0K [0x00000000d5f80000, 0x00000000ddf00000, 0x0000000100000000)
  eden space 71168K, 0% used [0x00000000d5f80000,0x00000000d5f80000,0x00000000da500000)
  from space 16896K, 0% used [0x00000000db480000,0x00000000db480000,0x00000000dc500000)
  to   space 15872K, 0% used [0x00000000da500000,0x00000000da500000,0x00000000db480000)
 ParOldGen       total 65024K, used 19996K [0x0000000081e00000, 0x0000000085d80000, 0x00000000d5f80000)
  object space 65024K, 30% used [0x0000000081e00000,0x00000000831872b0,0x0000000085d80000)
 Metaspace       used 34754K, capacity 35279K, committed 35496K, reserved 1081344K
  class space    used 4439K, capacity 4605K, committed 4656K, reserved 1048576K
}
Event: 5.600 GC heap before
{Heap before GC invocations=9 (full 2):
 PSYoungGen      total 88064K, used 71168K [0x00000000d5f80000, 0x00000000ddf00000, 0x0000000100000000)
  eden space 71168K, 100% used [0x00000000d5f80000,0x00000000da500000,0x00000000da500000)
  from space 16896K, 0% used [0x00000000db480000,0x00000000db480000,0x00000000dc500000)
  to   space 15872K, 0% used [0x00000000da500000,0x00000000da500000,0x00000000db480000)
 ParOldGen       total 65024K, used 19996K [0x0000000081e00000, 0x0000000085d80000, 0x00000000d5f80000)
  object space 65024K, 30% used [0x0000000081e00000,0x00000000831872b0,0x0000000085d80000)
 Metaspace       used 39801K, capacity 40441K, committed 40752K, reserved 1085440K
  class space    used 4959K, capacity 5136K, committed 5168K, reserved 1048576K
Event: 5.612 GC heap after
Heap after GC invocations=9 (full 2):
 PSYoungGen      total 87040K, used 15597K [0x00000000d5f80000, 0x00000000dda00000, 0x0000000100000000)
  eden space 71168K, 0% used [0x00000000d5f80000,0x00000000d5f80000,0x00000000da500000)
  from space 15872K, 98% used [0x00000000da500000,0x00000000db43b468,0x00000000db480000)
  to   space 17920K, 0% used [0x00000000dc880000,0x00000000dc880000,0x00000000dda00000)
 ParOldGen       total 65024K, used 20004K [0x0000000081e00000, 0x0000000085d80000, 0x00000000d5f80000)
  object space 65024K, 30% used [0x0000000081e00000,0x00000000831892b0,0x0000000085d80000)
 Metaspace       used 39801K, capacity 40441K, committed 40752K, reserved 1085440K
  class space    used 4959K, capacity 5136K, committed 5168K, reserved 1048576K
}
Event: 6.139 GC heap before
{Heap before GC invocations=10 (full 2):
 PSYoungGen      total 87040K, used 86765K [0x00000000d5f80000, 0x00000000dda00000, 0x0000000100000000)
  eden space 71168K, 100% used [0x00000000d5f80000,0x00000000da500000,0x00000000da500000)
  from space 15872K, 98% used [0x00000000da500000,0x00000000db43b468,0x00000000db480000)
  to   space 17920K, 0% used [0x00000000dc880000,0x00000000dc880000,0x00000000dda00000)
 ParOldGen       total 65024K, used 20004K [0x0000000081e00000, 0x0000000085d80000, 0x00000000d5f80000)
  object space 65024K, 30% used [0x0000000081e00000,0x00000000831892b0,0x0000000085d80000)
 Metaspace       used 40619K, capacity 41343K, committed 41648K, reserved 1085440K
  class space    used 4994K, capacity 5177K, committed 5296K, reserved 1048576K
Event: 6.152 GC heap after
Heap after GC invocations=10 (full 2):
 PSYoungGen      total 104960K, used 17912K [0x00000000d5f80000, 0x00000000de080000, 0x0000000100000000)
  eden space 87040K, 0% used [0x00000000d5f80000,0x00000000d5f80000,0x00000000db480000)
  from space 17920K, 99% used [0x00000000dc880000,0x00000000dd9fe0a0,0x00000000dda00000)
  to   space 20480K, 0% used [0x00000000db480000,0x00000000db480000,0x00000000dc880000)
 ParOldGen       total 65024K, used 20643K [0x0000000081e00000, 0x0000000085d80000, 0x00000000d5f80000)
  object space 65024K, 31% used [0x0000000081e00000,0x0000000083228fe0,0x0000000085d80000)
 Metaspace       used 40619K, capacity 41343K, committed 41648K, reserved 1085440K
  class space    used 4994K, capacity 5177K, committed 5296K, reserved 1048576K
}

