# JRE version: OpenJDK Runtime Environment (8.0_152-b01) (build 1.8.0_152-release-1343-b01)
# Java VM: OpenJDK 64-Bit Server VM (25.152-b01 mixed mode windows-amd64 compressed oops)
Heap:
 PSYoungGen      total 155136K, used 55891K [0x00000000f5580000, 0x00000000fff80000, 0x0000000100000000)
  eden space 137728K, 37% used [0x00000000f5580000,0x00000000f8844eb8,0x00000000fdc00000)
  from space 17408K, 22% used [0x00000000fed00000,0x00000000ff0d0020,0x00000000ffe00000)
  to   space 17408K, 0% used [0x00000000fdc00000,0x00000000fdc00000,0x00000000fed00000)
 ParOldGen       total 250368K, used 127224K [0x00000000e0000000, 0x00000000ef480000, 0x00000000f5580000)
  object space 250368K, 50% used [0x00000000e0000000,0x00000000e7c3e060,0x00000000ef480000)
 Metaspace       used 105933K, capacity 110370K, committed 111872K, reserved 1146880K
  class space    used 13364K, capacity 14253K, committed 14592K, reserved 1048576K
GC Heap History (10 events):
Event: 185.507 GC heap before
{Heap before GC invocations=57 (full 4):
 PSYoungGen      total 150528K, used 136884K [0x00000000f5580000, 0x00000000ffc80000, 0x0000000100000000)
  eden space 129536K, 100% used [0x00000000f5580000,0x00000000fd400000,0x00000000fd400000)
  from space 20992K, 35% used [0x00000000fe780000,0x00000000feead290,0x00000000ffc00000)
  to   space 19968K, 0% used [0x00000000fd400000,0x00000000fd400000,0x00000000fe780000)
 ParOldGen       total 250368K, used 235616K [0x00000000e0000000, 0x00000000ef480000, 0x00000000f5580000)
  object space 250368K, 94% used [0x00000000e0000000,0x00000000ee6183e8,0x00000000ef480000)
 Metaspace       used 106498K, capacity 111584K, committed 111616K, reserved 1146880K
  class space    used 13544K, capacity 14562K, committed 14592K, reserved 1048576K
Event: 185.535 GC heap after
Heap after GC invocations=57 (full 4):
 PSYoungGen      total 149504K, used 7848K [0x00000000f5580000, 0x00000000ffd00000, 0x0000000100000000)
  eden space 129536K, 0% used [0x00000000f5580000,0x00000000f5580000,0x00000000fd400000)
  from space 19968K, 39% used [0x00000000fd400000,0x00000000fdbaa0a0,0x00000000fe780000)
  to   space 18944K, 0% used [0x00000000fea80000,0x00000000fea80000,0x00000000ffd00000)
 ParOldGen       total 250368K, used 240605K [0x00000000e0000000, 0x00000000ef480000, 0x00000000f5580000)
  object space 250368K, 96% used [0x00000000e0000000,0x00000000eeaf74b8,0x00000000ef480000)
 Metaspace       used 106498K, capacity 111584K, committed 111616K, reserved 1146880K
  class space    used 13544K, capacity 14562K, committed 14592K, reserved 1048576K
}
Event: 185.816 GC heap before
{Heap before GC invocations=58 (full 4):
 PSYoungGen      total 149504K, used 137384K [0x00000000f5580000, 0x00000000ffd00000, 0x0000000100000000)
  eden space 129536K, 100% used [0x00000000f5580000,0x00000000fd400000,0x00000000fd400000)
  from space 19968K, 39% used [0x00000000fd400000,0x00000000fdbaa0a0,0x00000000fe780000)
  to   space 18944K, 0% used [0x00000000fea80000,0x00000000fea80000,0x00000000ffd00000)
 ParOldGen       total 250368K, used 240605K [0x00000000e0000000, 0x00000000ef480000, 0x00000000f5580000)
  object space 250368K, 96% used [0x00000000e0000000,0x00000000eeaf74b8,0x00000000ef480000)
 Metaspace       used 106523K, capacity 111588K, committed 111872K, reserved 1146880K
  class space    used 13545K, capacity 14562K, committed 14592K, reserved 1048576K
Event: 185.838 GC heap after
Heap after GC invocations=58 (full 4):
 PSYoungGen      total 153600K, used 8849K [0x00000000f5580000, 0x00000000ffd00000, 0x0000000100000000)
  eden space 134656K, 0% used [0x00000000f5580000,0x00000000f5580000,0x00000000fd900000)
  from space 18944K, 46% used [0x00000000fea80000,0x00000000ff324708,0x00000000ffd00000)
  to   space 17920K, 0% used [0x00000000fd900000,0x00000000fd900000,0x00000000fea80000)
 ParOldGen       total 250368K, used 246750K [0x00000000e0000000, 0x00000000ef480000, 0x00000000f5580000)
  object space 250368K, 98% used [0x00000000e0000000,0x00000000ef0f78e0,0x00000000ef480000)
 Metaspace       used 106523K, capacity 111588K, committed 111872K, reserved 1146880K
  class space    used 13545K, capacity 14562K, committed 14592K, reserved 1048576K
}
Event: 185.838 GC heap before
{Heap before GC invocations=59 (full 5):
 PSYoungGen      total 153600K, used 8849K [0x00000000f5580000, 0x00000000ffd00000, 0x0000000100000000)
  eden space 134656K, 0% used [0x00000000f5580000,0x00000000f5580000,0x00000000fd900000)
  from space 18944K, 46% used [0x00000000fea80000,0x00000000ff324708,0x00000000ffd00000)
  to   space 17920K, 0% used [0x00000000fd900000,0x00000000fd900000,0x00000000fea80000)
 ParOldGen       total 250368K, used 246750K [0x00000000e0000000, 0x00000000ef480000, 0x00000000f5580000)
  object space 250368K, 98% used [0x00000000e0000000,0x00000000ef0f78e0,0x00000000ef480000)
 Metaspace       used 106523K, capacity 111588K, committed 111872K, reserved 1146880K
  class space    used 13545K, capacity 14562K, committed 14592K, reserved 1048576K
Event: 186.335 GC heap after
Heap after GC invocations=59 (full 5):
 PSYoungGen      total 153600K, used 0K [0x00000000f5580000, 0x00000000ffd00000, 0x0000000100000000)
  eden space 134656K, 0% used [0x00000000f5580000,0x00000000f5580000,0x00000000fd900000)
  from space 18944K, 0% used [0x00000000fea80000,0x00000000fea80000,0x00000000ffd00000)
  to   space 17920K, 0% used [0x00000000fd900000,0x00000000fd900000,0x00000000fea80000)
 ParOldGen       total 250368K, used 120381K [0x00000000e0000000, 0x00000000ef480000, 0x00000000f5580000)
  object space 250368K, 48% used [0x00000000e0000000,0x00000000e758f718,0x00000000ef480000)
 Metaspace       used 105925K, capacity 110298K, committed 111872K, reserved 1146880K
  class space    used 13364K, capacity 14253K, committed 14592K, reserved 1048576K
}
Event: 186.766 GC heap before
{Heap before GC invocations=60 (full 5):
 PSYoungGen      total 153600K, used 134510K [0x00000000f5580000, 0x00000000ffd00000, 0x0000000100000000)
  eden space 134656K, 99% used [0x00000000f5580000,0x00000000fd8dbb48,0x00000000fd900000)
  from space 18944K, 0% used [0x00000000fea80000,0x00000000fea80000,0x00000000ffd00000)
  to   space 17920K, 0% used [0x00000000fd900000,0x00000000fd900000,0x00000000fea80000)
 ParOldGen       total 250368K, used 120381K [0x00000000e0000000, 0x00000000ef480000, 0x00000000f5580000)
  object space 250368K, 48% used [0x00000000e0000000,0x00000000e758f718,0x00000000ef480000)
 Metaspace       used 105932K, capacity 110370K, committed 111872K, reserved 1146880K
  class space    used 13364K, capacity 14253K, committed 14592K, reserved 1048576K
Event: 186.782 GC heap after
Heap after GC invocations=60 (full 5):
 PSYoungGen      total 152576K, used 9453K [0x00000000f5580000, 0x00000000ffe00000, 0x0000000100000000)
  eden space 134656K, 0% used [0x00000000f5580000,0x00000000f5580000,0x00000000fd900000)
  from space 17920K, 52% used [0x00000000fd900000,0x00000000fe23b540,0x00000000fea80000)
  to   space 17408K, 0% used [0x00000000fed00000,0x00000000fed00000,0x00000000ffe00000)
 ParOldGen       total 250368K, used 120381K [0x00000000e0000000, 0x00000000ef480000, 0x00000000f5580000)
  object space 250368K, 48% used [0x00000000e0000000,0x00000000e758f718,0x00000000ef480000)
 Metaspace       used 105932K, capacity 110370K, committed 111872K, reserved 1146880K
  class space    used 13364K, capacity 14253K, committed 14592K, reserved 1048576K
}
Event: 187.454 GC heap before
{Heap before GC invocations=61 (full 5):
 PSYoungGen      total 152576K, used 144109K [0x00000000f5580000, 0x00000000ffe00000, 0x0000000100000000)
  eden space 134656K, 100% used [0x00000000f5580000,0x00000000fd900000,0x00000000fd900000)
  from space 17920K, 52% used [0x00000000fd900000,0x00000000fe23b540,0x00000000fea80000)
  to   space 17408K, 0% used [0x00000000fed00000,0x00000000fed00000,0x00000000ffe00000)
 ParOldGen       total 250368K, used 120381K [0x00000000e0000000, 0x00000000ef480000, 0x00000000f5580000)
  object space 250368K, 48% used [0x00000000e0000000,0x00000000e758f718,0x00000000ef480000)
 Metaspace       used 105933K, capacity 110370K, committed 111872K, reserved 1146880K
  class space    used 13364K, capacity 14253K, committed 14592K, reserved 1048576K
Event: 187.470 GC heap after
Heap after GC invocations=61 (full 5):
 PSYoungGen      total 155136K, used 3904K [0x00000000f5580000, 0x00000000fff80000, 0x0000000100000000)
  eden space 137728K, 0% used [0x00000000f5580000,0x00000000f5580000,0x00000000fdc00000)
  from space 17408K, 22% used [0x00000000fed00000,0x00000000ff0d0020,0x00000000ffe00000)
  to   space 17408K, 0% used [0x00000000fdc00000,0x00000000fdc00000,0x00000000fed00000)
 ParOldGen       total 250368K, used 127224K [0x00000000e0000000, 0x00000000ef480000, 0x00000000f5580000)
  object space 250368K, 50% used [0x00000000e0000000,0x00000000e7c3e060,0x00000000ef480000)
 Metaspace       used 105933K, capacity 110370K, committed 111872K, reserved 1146880K
  class space    used 13364K, capacity 14253K, committed 14592K, reserved 1048576K
}

