# JRE version: OpenJDK Runtime Environment (8.0_152-b01) (build 1.8.0_152-release-1343-b01)
# Java VM: OpenJDK 64-Bit Server VM (25.152-b01 mixed mode windows-amd64 compressed oops)
Heap:
 PSYoungGen      total 119808K, used 33193K [0x00000000f5580000, 0x0000000100000000, 0x0000000100000000)
  eden space 81920K, 40% used [0x00000000f5580000,0x00000000f75ea540,0x00000000fa580000)
  from space 37888K, 0% used [0x00000000fa580000,0x00000000fa580000,0x00000000fca80000)
  to   space 37888K, 0% used [0x00000000fdb00000,0x00000000fdb00000,0x0000000100000000)
 ParOldGen       total 107520K, used 63494K [0x00000000e0000000, 0x00000000e6900000, 0x00000000f5580000)
  object space 107520K, 59% used [0x00000000e0000000,0x00000000e3e01a20,0x00000000e6900000)
 Metaspace       used 61033K, capacity 62205K, committed 62336K, reserved 1103872K
  class space    used 7227K, capacity 7539K, committed 7552K, reserved 1048576K
GC Heap History (10 events):
Event: 14.524 GC heap before
{Heap before GC invocations=15 (full 3):
 PSYoungGen      total 99328K, used 99296K [0x00000000f5580000, 0x00000000fd200000, 0x0000000100000000)
  eden space 71168K, 100% used [0x00000000f5580000,0x00000000f9b00000,0x00000000f9b00000)
  from space 28160K, 99% used [0x00000000f9b00000,0x00000000fb6780f0,0x00000000fb680000)
  to   space 23552K, 0% used [0x00000000fb900000,0x00000000fb900000,0x00000000fd000000)
 ParOldGen       total 107520K, used 39447K [0x00000000e0000000, 0x00000000e6900000, 0x00000000f5580000)
  object space 107520K, 36% used [0x00000000e0000000,0x00000000e2685f88,0x00000000e6900000)
 Metaspace       used 53756K, capacity 54827K, committed 55168K, reserved 1097728K
  class space    used 6599K, capacity 6920K, committed 7040K, reserved 1048576K
Event: 14.688 GC heap after
Heap after GC invocations=15 (full 3):
 PSYoungGen      total 88576K, used 22404K [0x00000000f5580000, 0x00000000ff900000, 0x0000000100000000)
  eden space 65024K, 0% used [0x00000000f5580000,0x00000000f5580000,0x00000000f9500000)
  from space 23552K, 95% used [0x00000000fb900000,0x00000000fcee1340,0x00000000fd000000)
  to   space 36864K, 0% used [0x00000000f9500000,0x00000000f9500000,0x00000000fb900000)
 ParOldGen       total 107520K, used 51905K [0x00000000e0000000, 0x00000000e6900000, 0x00000000f5580000)
  object space 107520K, 48% used [0x00000000e0000000,0x00000000e32b06a0,0x00000000e6900000)
 Metaspace       used 53756K, capacity 54827K, committed 55168K, reserved 1097728K
  class space    used 6599K, capacity 6920K, committed 7040K, reserved 1048576K
}
Event: 16.926 GC heap before
{Heap before GC invocations=16 (full 3):
 PSYoungGen      total 88576K, used 87428K [0x00000000f5580000, 0x00000000ff900000, 0x0000000100000000)
  eden space 65024K, 100% used [0x00000000f5580000,0x00000000f9500000,0x00000000f9500000)
  from space 23552K, 95% used [0x00000000fb900000,0x00000000fcee1340,0x00000000fd000000)
  to   space 36864K, 0% used [0x00000000f9500000,0x00000000f9500000,0x00000000fb900000)
 ParOldGen       total 107520K, used 51905K [0x00000000e0000000, 0x00000000e6900000, 0x00000000f5580000)
  object space 107520K, 48% used [0x00000000e0000000,0x00000000e32b06a0,0x00000000e6900000)
 Metaspace       used 54426K, capacity 55525K, committed 55680K, reserved 1097728K
  class space    used 6631K, capacity 6955K, committed 7040K, reserved 1048576K
Event: 16.941 GC heap after
Heap after GC invocations=16 (full 3):
 PSYoungGen      total 101888K, used 20255K [0x00000000f5580000, 0x00000000fee00000, 0x0000000100000000)
  eden space 65024K, 0% used [0x00000000f5580000,0x00000000f5580000,0x00000000f9500000)
  from space 36864K, 54% used [0x00000000f9500000,0x00000000fa8c7c48,0x00000000fb900000)
  to   space 36352K, 0% used [0x00000000fca80000,0x00000000fca80000,0x00000000fee00000)
 ParOldGen       total 107520K, used 55953K [0x00000000e0000000, 0x00000000e6900000, 0x00000000f5580000)
  object space 107520K, 52% used [0x00000000e0000000,0x00000000e36a44f0,0x00000000e6900000)
 Metaspace       used 54426K, capacity 55525K, committed 55680K, reserved 1097728K
  class space    used 6631K, capacity 6955K, committed 7040K, reserved 1048576K
}
Event: 17.719 GC heap before
{Heap before GC invocations=17 (full 3):
 PSYoungGen      total 101888K, used 85279K [0x00000000f5580000, 0x00000000fee00000, 0x0000000100000000)
  eden space 65024K, 100% used [0x00000000f5580000,0x00000000f9500000,0x00000000f9500000)
  from space 36864K, 54% used [0x00000000f9500000,0x00000000fa8c7c48,0x00000000fb900000)
  to   space 36352K, 0% used [0x00000000fca80000,0x00000000fca80000,0x00000000fee00000)
 ParOldGen       total 107520K, used 55953K [0x00000000e0000000, 0x00000000e6900000, 0x00000000f5580000)
  object space 107520K, 52% used [0x00000000e0000000,0x00000000e36a44f0,0x00000000e6900000)
 Metaspace       used 57359K, capacity 58517K, committed 58752K, reserved 1101824K
  class space    used 6891K, capacity 7205K, committed 7296K, reserved 1048576K
Event: 17.739 GC heap after
Heap after GC invocations=17 (full 3):
 PSYoungGen      total 118272K, used 25891K [0x00000000f5580000, 0x00000000ff100000, 0x0000000100000000)
  eden space 81920K, 0% used [0x00000000f5580000,0x00000000f5580000,0x00000000fa580000)
  from space 36352K, 71% used [0x00000000fca80000,0x00000000fe3c8c60,0x00000000fee00000)
  to   space 37888K, 0% used [0x00000000fa580000,0x00000000fa580000,0x00000000fca80000)
 ParOldGen       total 107520K, used 55961K [0x00000000e0000000, 0x00000000e6900000, 0x00000000f5580000)
  object space 107520K, 52% used [0x00000000e0000000,0x00000000e36a64f0,0x00000000e6900000)
 Metaspace       used 57359K, capacity 58517K, committed 58752K, reserved 1101824K
  class space    used 6891K, capacity 7205K, committed 7296K, reserved 1048576K
}
Event: 17.771 GC heap before
{Heap before GC invocations=18 (full 3):
 PSYoungGen      total 118272K, used 29136K [0x00000000f5580000, 0x00000000ff100000, 0x0000000100000000)
  eden space 81920K, 3% used [0x00000000f5580000,0x00000000f58ab530,0x00000000fa580000)
  from space 36352K, 71% used [0x00000000fca80000,0x00000000fe3c8c60,0x00000000fee00000)
  to   space 37888K, 0% used [0x00000000fa580000,0x00000000fa580000,0x00000000fca80000)
 ParOldGen       total 107520K, used 55961K [0x00000000e0000000, 0x00000000e6900000, 0x00000000f5580000)
  object space 107520K, 52% used [0x00000000e0000000,0x00000000e36a64f0,0x00000000e6900000)
 Metaspace       used 57807K, capacity 58933K, committed 59096K, reserved 1101824K
  class space    used 6929K, capacity 7237K, committed 7296K, reserved 1048576K
Event: 17.783 GC heap after
Heap after GC invocations=18 (full 3):
 PSYoungGen      total 119808K, used 24284K [0x00000000f5580000, 0x0000000100000000, 0x0000000100000000)
  eden space 81920K, 0% used [0x00000000f5580000,0x00000000f5580000,0x00000000fa580000)
  from space 37888K, 64% used [0x00000000fa580000,0x00000000fbd37188,0x00000000fca80000)
  to   space 37888K, 0% used [0x00000000fdb00000,0x00000000fdb00000,0x0000000100000000)
 ParOldGen       total 107520K, used 55969K [0x00000000e0000000, 0x00000000e6900000, 0x00000000f5580000)
  object space 107520K, 52% used [0x00000000e0000000,0x00000000e36a84f0,0x00000000e6900000)
 Metaspace       used 57807K, capacity 58933K, committed 59096K, reserved 1101824K
  class space    used 6929K, capacity 7237K, committed 7296K, reserved 1048576K
}
Event: 17.783 GC heap before
{Heap before GC invocations=19 (full 4):
 PSYoungGen      total 119808K, used 24284K [0x00000000f5580000, 0x0000000100000000, 0x0000000100000000)
  eden space 81920K, 0% used [0x00000000f5580000,0x00000000f5580000,0x00000000fa580000)
  from space 37888K, 64% used [0x00000000fa580000,0x00000000fbd37188,0x00000000fca80000)
  to   space 37888K, 0% used [0x00000000fdb00000,0x00000000fdb00000,0x0000000100000000)
 ParOldGen       total 107520K, used 55969K [0x00000000e0000000, 0x00000000e6900000, 0x00000000f5580000)
  object space 107520K, 52% used [0x00000000e0000000,0x00000000e36a84f0,0x00000000e6900000)
 Metaspace       used 57807K, capacity 58933K, committed 59096K, reserved 1101824K
  class space    used 6929K, capacity 7237K, committed 7296K, reserved 1048576K
Event: 17.983 GC heap after
Heap after GC invocations=19 (full 4):
 PSYoungGen      total 119808K, used 0K [0x00000000f5580000, 0x0000000100000000, 0x0000000100000000)
  eden space 81920K, 0% used [0x00000000f5580000,0x00000000f5580000,0x00000000fa580000)
  from space 37888K, 0% used [0x00000000fa580000,0x00000000fa580000,0x00000000fca80000)
  to   space 37888K, 0% used [0x00000000fdb00000,0x00000000fdb00000,0x0000000100000000)
 ParOldGen       total 107520K, used 63494K [0x00000000e0000000, 0x00000000e6900000, 0x00000000f5580000)
  object space 107520K, 59% used [0x00000000e0000000,0x00000000e3e01a20,0x00000000e6900000)
 Metaspace       used 57807K, capacity 58933K, committed 59096K, reserved 1101824K
  class space    used 6929K, capacity 7237K, committed 7296K, reserved 1048576K
}

