# JRE version: OpenJDK Runtime Environment (8.0_152-b01) (build 1.8.0_152-release-1343-b01)
# Java VM: OpenJDK 64-Bit Server VM (25.152-b01 mixed mode windows-amd64 compressed oops)
Heap:
 PSYoungGen      total 71680K, used 34880K [0x00000000d5f80000, 0x00000000daa80000, 0x0000000100000000)
  eden space 66560K, 44% used [0x00000000d5f80000,0x00000000d7c907e0,0x00000000da080000)
  from space 5120K, 99% used [0x00000000da580000,0x00000000daa7fbe0,0x00000000daa80000)
  to   space 5120K, 0% used [0x00000000da080000,0x00000000da080000,0x00000000da580000)
 ParOldGen       total 64512K, used 31856K [0x0000000081e00000, 0x0000000085d00000, 0x00000000d5f80000)
  object space 64512K, 49% used [0x0000000081e00000,0x0000000083d1c1d8,0x0000000085d00000)
 Metaspace       used 40333K, capacity 41033K, committed 41264K, reserved 1085440K
  class space    used 4978K, capacity 5142K, committed 5168K, reserved 1048576K
GC Heap History (10 events):
Event: 1.071 GC heap before
{Heap before GC invocations=4 (full 1):
 PSYoungGen      total 71680K, used 5092K [0x00000000d5f80000, 0x00000000daa80000, 0x0000000100000000)
  eden space 66560K, 0% used [0x00000000d5f80000,0x00000000d5f80000,0x00000000da080000)
  from space 5120K, 99% used [0x00000000da080000,0x00000000da579030,0x00000000da580000)
  to   space 5120K, 0% used [0x00000000da580000,0x00000000da580000,0x00000000daa80000)
 ParOldGen       total 87552K, used 10836K [0x0000000081e00000, 0x0000000087380000, 0x00000000d5f80000)
  object space 87552K, 12% used [0x0000000081e00000,0x00000000828952b0,0x0000000087380000)
 Metaspace       used 20753K, capacity 21130K, committed 21296K, reserved 1067008K
  class space    used 2708K, capacity 2835K, committed 2864K, reserved 1048576K
Event: 1.094 GC heap after
Heap after GC invocations=4 (full 1):
 PSYoungGen      total 71680K, used 0K [0x00000000d5f80000, 0x00000000daa80000, 0x0000000100000000)
  eden space 66560K, 0% used [0x00000000d5f80000,0x00000000d5f80000,0x00000000da080000)
  from space 5120K, 0% used [0x00000000da080000,0x00000000da080000,0x00000000da580000)
  to   space 5120K, 0% used [0x00000000da580000,0x00000000da580000,0x00000000daa80000)
 ParOldGen       total 64512K, used 7793K [0x0000000081e00000, 0x0000000085d00000, 0x00000000d5f80000)
  object space 64512K, 12% used [0x0000000081e00000,0x000000008259c4b0,0x0000000085d00000)
 Metaspace       used 20753K, capacity 21130K, committed 21296K, reserved 1067008K
  class space    used 2708K, capacity 2835K, committed 2864K, reserved 1048576K
}
Event: 2.117 GC heap before
{Heap before GC invocations=5 (full 1):
 PSYoungGen      total 71680K, used 66560K [0x00000000d5f80000, 0x00000000daa80000, 0x0000000100000000)
  eden space 66560K, 100% used [0x00000000d5f80000,0x00000000da080000,0x00000000da080000)
  from space 5120K, 0% used [0x00000000da080000,0x00000000da080000,0x00000000da580000)
  to   space 5120K, 0% used [0x00000000da580000,0x00000000da580000,0x00000000daa80000)
 ParOldGen       total 64512K, used 7793K [0x0000000081e00000, 0x0000000085d00000, 0x00000000d5f80000)
  object space 64512K, 12% used [0x0000000081e00000,0x000000008259c4b0,0x0000000085d00000)
 Metaspace       used 30175K, capacity 30621K, committed 30768K, reserved 1075200K
  class space    used 3926K, capacity 4094K, committed 4144K, reserved 1048576K
Event: 2.126 GC heap after
Heap after GC invocations=5 (full 1):
 PSYoungGen      total 71680K, used 5118K [0x00000000d5f80000, 0x00000000daa80000, 0x0000000100000000)
  eden space 66560K, 0% used [0x00000000d5f80000,0x00000000d5f80000,0x00000000da080000)
  from space 5120K, 99% used [0x00000000da580000,0x00000000daa7fb18,0x00000000daa80000)
  to   space 5120K, 0% used [0x00000000da080000,0x00000000da080000,0x00000000da580000)
 ParOldGen       total 64512K, used 20067K [0x0000000081e00000, 0x0000000085d00000, 0x00000000d5f80000)
  object space 64512K, 31% used [0x0000000081e00000,0x0000000083198f48,0x0000000085d00000)
 Metaspace       used 30175K, capacity 30621K, committed 30768K, reserved 1075200K
  class space    used 3926K, capacity 4094K, committed 4144K, reserved 1048576K
}
Event: 5.151 GC heap before
{Heap before GC invocations=6 (full 1):
 PSYoungGen      total 71680K, used 41647K [0x00000000d5f80000, 0x00000000daa80000, 0x0000000100000000)
  eden space 66560K, 54% used [0x00000000d5f80000,0x00000000d832c1f0,0x00000000da080000)
  from space 5120K, 99% used [0x00000000da580000,0x00000000daa7fb18,0x00000000daa80000)
  to   space 5120K, 0% used [0x00000000da080000,0x00000000da080000,0x00000000da580000)
 ParOldGen       total 64512K, used 20067K [0x0000000081e00000, 0x0000000085d00000, 0x00000000d5f80000)
  object space 64512K, 31% used [0x0000000081e00000,0x0000000083198f48,0x0000000085d00000)
 Metaspace       used 34770K, capacity 35287K, committed 35496K, reserved 1081344K
  class space    used 4448K, capacity 4607K, committed 4656K, reserved 1048576K
Event: 5.161 GC heap after
Heap after GC invocations=6 (full 1):
 PSYoungGen      total 71680K, used 5095K [0x00000000d5f80000, 0x00000000daa80000, 0x0000000100000000)
  eden space 66560K, 0% used [0x00000000d5f80000,0x00000000d5f80000,0x00000000da080000)
  from space 5120K, 99% used [0x00000000da080000,0x00000000da579fc8,0x00000000da580000)
  to   space 5120K, 0% used [0x00000000da580000,0x00000000da580000,0x00000000daa80000)
 ParOldGen       total 64512K, used 30081K [0x0000000081e00000, 0x0000000085d00000, 0x00000000d5f80000)
  object space 64512K, 46% used [0x0000000081e00000,0x0000000083b606d0,0x0000000085d00000)
 Metaspace       used 34770K, capacity 35287K, committed 35496K, reserved 1081344K
  class space    used 4448K, capacity 4607K, committed 4656K, reserved 1048576K
}
Event: 5.161 GC heap before
{Heap before GC invocations=7 (full 2):
 PSYoungGen      total 71680K, used 5095K [0x00000000d5f80000, 0x00000000daa80000, 0x0000000100000000)
  eden space 66560K, 0% used [0x00000000d5f80000,0x00000000d5f80000,0x00000000da080000)
  from space 5120K, 99% used [0x00000000da080000,0x00000000da579fc8,0x00000000da580000)
  to   space 5120K, 0% used [0x00000000da580000,0x00000000da580000,0x00000000daa80000)
 ParOldGen       total 64512K, used 30081K [0x0000000081e00000, 0x0000000085d00000, 0x00000000d5f80000)
  object space 64512K, 46% used [0x0000000081e00000,0x0000000083b606d0,0x0000000085d00000)
 Metaspace       used 34770K, capacity 35287K, committed 35496K, reserved 1081344K
  class space    used 4448K, capacity 4607K, committed 4656K, reserved 1048576K
Event: 5.239 GC heap after
Heap after GC invocations=7 (full 2):
 PSYoungGen      total 71680K, used 0K [0x00000000d5f80000, 0x00000000daa80000, 0x0000000100000000)
  eden space 66560K, 0% used [0x00000000d5f80000,0x00000000d5f80000,0x00000000da080000)
  from space 5120K, 0% used [0x00000000da080000,0x00000000da080000,0x00000000da580000)
  to   space 5120K, 0% used [0x00000000da580000,0x00000000da580000,0x00000000daa80000)
 ParOldGen       total 64512K, used 22142K [0x0000000081e00000, 0x0000000085d00000, 0x00000000d5f80000)
  object space 64512K, 34% used [0x0000000081e00000,0x000000008339fa28,0x0000000085d00000)
 Metaspace       used 34770K, capacity 35287K, committed 35496K, reserved 1081344K
  class space    used 4448K, capacity 4607K, committed 4656K, reserved 1048576K
}
Event: 6.146 GC heap before
{Heap before GC invocations=8 (full 2):
 PSYoungGen      total 71680K, used 66560K [0x00000000d5f80000, 0x00000000daa80000, 0x0000000100000000)
  eden space 66560K, 100% used [0x00000000d5f80000,0x00000000da080000,0x00000000da080000)
  from space 5120K, 0% used [0x00000000da080000,0x00000000da080000,0x00000000da580000)
  to   space 5120K, 0% used [0x00000000da580000,0x00000000da580000,0x00000000daa80000)
 ParOldGen       total 64512K, used 22142K [0x0000000081e00000, 0x0000000085d00000, 0x00000000d5f80000)
  object space 64512K, 34% used [0x0000000081e00000,0x000000008339fa28,0x0000000085d00000)
 Metaspace       used 39609K, capacity 40241K, committed 40496K, reserved 1085440K
  class space    used 4950K, capacity 5134K, committed 5168K, reserved 1048576K
Event: 6.156 GC heap after
Heap after GC invocations=8 (full 2):
 PSYoungGen      total 71680K, used 5118K [0x00000000d5f80000, 0x00000000daa80000, 0x0000000100000000)
  eden space 66560K, 0% used [0x00000000d5f80000,0x00000000d5f80000,0x00000000da080000)
  from space 5120K, 99% used [0x00000000da580000,0x00000000daa7fbe0,0x00000000daa80000)
  to   space 5120K, 0% used [0x00000000da080000,0x00000000da080000,0x00000000da580000)
 ParOldGen       total 64512K, used 31856K [0x0000000081e00000, 0x0000000085d00000, 0x00000000d5f80000)
  object space 64512K, 49% used [0x0000000081e00000,0x0000000083d1c1d8,0x0000000085d00000)
 Metaspace       used 39609K, capacity 40241K, committed 40496K, reserved 1085440K
  class space    used 4950K, capacity 5134K, committed 5168K, reserved 1048576K
}

