# JRE version: OpenJDK Runtime Environment (8.0_152-b01) (build 1.8.0_152-release-1343-b01)
# Java VM: OpenJDK 64-Bit Server VM (25.152-b01 mixed mode windows-amd64 compressed oops)
Heap:
 PSYoungGen      total 75776K, used 21808K [0x00000000f5580000, 0x00000000fb780000, 0x0000000100000000)
  eden space 59392K, 9% used [0x00000000f5580000,0x00000000f5ad0808,0x00000000f8f80000)
  from space 16384K, 99% used [0x00000000fa200000,0x00000000fb1fb9f8,0x00000000fb200000)
  to   space 18944K, 0% used [0x00000000f8f80000,0x00000000f8f80000,0x00000000fa200000)
 ParOldGen       total 108544K, used 35282K [0x00000000e0000000, 0x00000000e6a00000, 0x00000000f5580000)
  object space 108544K, 32% used [0x00000000e0000000,0x00000000e2274ac8,0x00000000e6a00000)
 Metaspace       used 48384K, capacity 49255K, committed 49664K, reserved 1093632K
  class space    used 6041K, capacity 6288K, committed 6400K, reserved 1048576K
GC Heap History (10 events):
Event: 5.455 GC heap before
{Heap before GC invocations=9 (full 3):
 PSYoungGen      total 51712K, used 5094K [0x00000000f5580000, 0x00000000fa980000, 0x0000000100000000)
  eden space 46592K, 0% used [0x00000000f5580000,0x00000000f5580000,0x00000000f8300000)
  from space 5120K, 99% used [0x00000000f9100000,0x00000000f95f9a28,0x00000000f9600000)
  to   space 14336K, 0% used [0x00000000f8300000,0x00000000f8300000,0x00000000f9100000)
 ParOldGen       total 67072K, used 25303K [0x00000000e0000000, 0x00000000e4180000, 0x00000000f5580000)
  object space 67072K, 37% used [0x00000000e0000000,0x00000000e18b5f08,0x00000000e4180000)
 Metaspace       used 34653K, capacity 35129K, committed 35456K, reserved 1079296K
  class space    used 4469K, capacity 4613K, committed 4736K, reserved 1048576K
Event: 5.507 GC heap after
Heap after GC invocations=9 (full 3):
 PSYoungGen      total 51712K, used 0K [0x00000000f5580000, 0x00000000fa980000, 0x0000000100000000)
  eden space 46592K, 0% used [0x00000000f5580000,0x00000000f5580000,0x00000000f8300000)
  from space 5120K, 0% used [0x00000000f9100000,0x00000000f9100000,0x00000000f9600000)
  to   space 14336K, 0% used [0x00000000f8300000,0x00000000f8300000,0x00000000f9100000)
 ParOldGen       total 108544K, used 18300K [0x00000000e0000000, 0x00000000e6a00000, 0x00000000f5580000)
  object space 108544K, 16% used [0x00000000e0000000,0x00000000e11df320,0x00000000e6a00000)
 Metaspace       used 34653K, capacity 35129K, committed 35456K, reserved 1079296K
  class space    used 4469K, capacity 4613K, committed 4736K, reserved 1048576K
}
Event: 6.870 GC heap before
{Heap before GC invocations=10 (full 3):
 PSYoungGen      total 51712K, used 46592K [0x00000000f5580000, 0x00000000fa980000, 0x0000000100000000)
  eden space 46592K, 100% used [0x00000000f5580000,0x00000000f8300000,0x00000000f8300000)
  from space 5120K, 0% used [0x00000000f9100000,0x00000000f9100000,0x00000000f9600000)
  to   space 14336K, 0% used [0x00000000f8300000,0x00000000f8300000,0x00000000f9100000)
 ParOldGen       total 108544K, used 18300K [0x00000000e0000000, 0x00000000e6a00000, 0x00000000f5580000)
  object space 108544K, 16% used [0x00000000e0000000,0x00000000e11df320,0x00000000e6a00000)
 Metaspace       used 40021K, capacity 40697K, committed 41088K, reserved 1085440K
  class space    used 5088K, capacity 5237K, committed 5248K, reserved 1048576K
Event: 6.886 GC heap after
Heap after GC invocations=10 (full 3):
 PSYoungGen      total 60928K, used 13554K [0x00000000f5580000, 0x00000000fb200000, 0x0000000100000000)
  eden space 46592K, 0% used [0x00000000f5580000,0x00000000f5580000,0x00000000f8300000)
  from space 14336K, 94% used [0x00000000f8300000,0x00000000f903c8b8,0x00000000f9100000)
  to   space 16384K, 0% used [0x00000000fa200000,0x00000000fa200000,0x00000000fb200000)
 ParOldGen       total 108544K, used 18308K [0x00000000e0000000, 0x00000000e6a00000, 0x00000000f5580000)
  object space 108544K, 16% used [0x00000000e0000000,0x00000000e11e1320,0x00000000e6a00000)
 Metaspace       used 40021K, capacity 40697K, committed 41088K, reserved 1085440K
  class space    used 5088K, capacity 5237K, committed 5248K, reserved 1048576K
}
Event: 8.220 GC heap before
{Heap before GC invocations=11 (full 3):
 PSYoungGen      total 60928K, used 60146K [0x00000000f5580000, 0x00000000fb200000, 0x0000000100000000)
  eden space 46592K, 100% used [0x00000000f5580000,0x00000000f8300000,0x00000000f8300000)
  from space 14336K, 94% used [0x00000000f8300000,0x00000000f903c8b8,0x00000000f9100000)
  to   space 16384K, 0% used [0x00000000fa200000,0x00000000fa200000,0x00000000fb200000)
 ParOldGen       total 108544K, used 18308K [0x00000000e0000000, 0x00000000e6a00000, 0x00000000f5580000)
  object space 108544K, 16% used [0x00000000e0000000,0x00000000e11e1320,0x00000000e6a00000)
 Metaspace       used 43098K, capacity 43927K, committed 44288K, reserved 1087488K
  class space    used 5406K, capacity 5616K, committed 5632K, reserved 1048576K
Event: 8.240 GC heap after
Heap after GC invocations=11 (full 3):
 PSYoungGen      total 75776K, used 16378K [0x00000000f5580000, 0x00000000fb780000, 0x0000000100000000)
  eden space 59392K, 0% used [0x00000000f5580000,0x00000000f5580000,0x00000000f8f80000)
  from space 16384K, 99% used [0x00000000fa200000,0x00000000fb1febc0,0x00000000fb200000)
  to   space 18944K, 0% used [0x00000000f8f80000,0x00000000f8f80000,0x00000000fa200000)
 ParOldGen       total 108544K, used 19485K [0x00000000e0000000, 0x00000000e6a00000, 0x00000000f5580000)
  object space 108544K, 17% used [0x00000000e0000000,0x00000000e1307570,0x00000000e6a00000)
 Metaspace       used 43098K, capacity 43927K, committed 44288K, reserved 1087488K
  class space    used 5406K, capacity 5616K, committed 5632K, reserved 1048576K
}
Event: 9.280 GC heap before
{Heap before GC invocations=12 (full 3):
 PSYoungGen      total 75776K, used 75770K [0x00000000f5580000, 0x00000000fb780000, 0x0000000100000000)
  eden space 59392K, 100% used [0x00000000f5580000,0x00000000f8f80000,0x00000000f8f80000)
  from space 16384K, 99% used [0x00000000fa200000,0x00000000fb1febc0,0x00000000fb200000)
  to   space 18944K, 0% used [0x00000000f8f80000,0x00000000f8f80000,0x00000000fa200000)
 ParOldGen       total 108544K, used 19485K [0x00000000e0000000, 0x00000000e6a00000, 0x00000000f5580000)
  object space 108544K, 17% used [0x00000000e0000000,0x00000000e1307570,0x00000000e6a00000)
 Metaspace       used 44295K, capacity 45037K, committed 45440K, reserved 1089536K
  class space    used 5461K, capacity 5661K, committed 5760K, reserved 1048576K
Event: 9.293 GC heap after
Heap after GC invocations=12 (full 3):
 PSYoungGen      total 78336K, used 18924K [0x00000000f5580000, 0x00000000fb780000, 0x0000000100000000)
  eden space 59392K, 0% used [0x00000000f5580000,0x00000000f5580000,0x00000000f8f80000)
  from space 18944K, 99% used [0x00000000f8f80000,0x00000000fa1fb010,0x00000000fa200000)
  to   space 16384K, 0% used [0x00000000fa200000,0x00000000fa200000,0x00000000fb200000)
 ParOldGen       total 108544K, used 24384K [0x00000000e0000000, 0x00000000e6a00000, 0x00000000f5580000)
  object space 108544K, 22% used [0x00000000e0000000,0x00000000e17d00f8,0x00000000e6a00000)
 Metaspace       used 44295K, capacity 45037K, committed 45440K, reserved 1089536K
  class space    used 5461K, capacity 5661K, committed 5760K, reserved 1048576K
}
Event: 10.058 GC heap before
{Heap before GC invocations=13 (full 3):
 PSYoungGen      total 78336K, used 78283K [0x00000000f5580000, 0x00000000fb780000, 0x0000000100000000)
  eden space 59392K, 99% used [0x00000000f5580000,0x00000000f8f77cd8,0x00000000f8f80000)
  from space 18944K, 99% used [0x00000000f8f80000,0x00000000fa1fb010,0x00000000fa200000)
  to   space 16384K, 0% used [0x00000000fa200000,0x00000000fa200000,0x00000000fb200000)
 ParOldGen       total 108544K, used 24384K [0x00000000e0000000, 0x00000000e6a00000, 0x00000000f5580000)
  object space 108544K, 22% used [0x00000000e0000000,0x00000000e17d00f8,0x00000000e6a00000)
 Metaspace       used 47994K, capacity 48885K, committed 49024K, reserved 1091584K
  class space    used 6009K, capacity 6251K, committed 6272K, reserved 1048576K
Event: 10.073 GC heap after
Heap after GC invocations=13 (full 3):
 PSYoungGen      total 75776K, used 16366K [0x00000000f5580000, 0x00000000fb780000, 0x0000000100000000)
  eden space 59392K, 0% used [0x00000000f5580000,0x00000000f5580000,0x00000000f8f80000)
  from space 16384K, 99% used [0x00000000fa200000,0x00000000fb1fb9f8,0x00000000fb200000)
  to   space 18944K, 0% used [0x00000000f8f80000,0x00000000f8f80000,0x00000000fa200000)
 ParOldGen       total 108544K, used 35282K [0x00000000e0000000, 0x00000000e6a00000, 0x00000000f5580000)
  object space 108544K, 32% used [0x00000000e0000000,0x00000000e2274ac8,0x00000000e6a00000)
 Metaspace       used 47994K, capacity 48885K, committed 49024K, reserved 1091584K
  class space    used 6009K, capacity 6251K, committed 6272K, reserved 1048576K
}

