# JRE version: OpenJDK Runtime Environment (8.0_152-b01) (build 1.8.0_152-release-1343-b01)
# Java VM: OpenJDK 64-Bit Server VM (25.152-b01 mixed mode windows-amd64 compressed oops)
Heap:
 PSYoungGen      total 133120K, used 93533K [0x00000000f5580000, 0x00000000ff800000, 0x0000000100000000)
  eden space 116736K, 66% used [0x00000000f5580000,0x00000000fa0de9c8,0x00000000fc780000)
  from space 16384K, 99% used [0x00000000fc780000,0x00000000fd778da8,0x00000000fd780000)
  to   space 21504K, 0% used [0x00000000fe300000,0x00000000fe300000,0x00000000ff800000)
 ParOldGen       total 146944K, used 41240K [0x00000000e0000000, 0x00000000e8f80000, 0x00000000f5580000)
  object space 146944K, 28% used [0x00000000e0000000,0x00000000e28462e0,0x00000000e8f80000)
 Metaspace       used 72906K, capacity 75225K, committed 75416K, reserved 1114112K
  class space    used 9585K, capacity 10110K, committed 10160K, reserved 1048576K
GC Heap History (10 events):
Event: 10.811 GC heap before
{Heap before GC invocations=16 (full 2):
 PSYoungGen      total 121344K, used 103912K [0x00000000f5580000, 0x00000000fd980000, 0x0000000100000000)
  eden space 108544K, 86% used [0x00000000f5580000,0x00000000fb166500,0x00000000fbf80000)
  from space 12800K, 76% used [0x00000000fc000000,0x00000000fc993b20,0x00000000fcc80000)
  to   space 13312K, 0% used [0x00000000fcc80000,0x00000000fcc80000,0x00000000fd980000)
 ParOldGen       total 94720K, used 22076K [0x00000000e0000000, 0x00000000e5c80000, 0x00000000f5580000)
  object space 94720K, 23% used [0x00000000e0000000,0x00000000e158f020,0x00000000e5c80000)
 Metaspace       used 57540K, capacity 59048K, committed 59160K, reserved 1099776K
  class space    used 7741K, capacity 8157K, committed 8240K, reserved 1048576K
Event: 10.819 GC heap after
Heap after GC invocations=16 (full 2):
 PSYoungGen      total 119808K, used 13280K [0x00000000f5580000, 0x00000000fee00000, 0x0000000100000000)
  eden space 106496K, 0% used [0x00000000f5580000,0x00000000f5580000,0x00000000fbd80000)
  from space 13312K, 99% used [0x00000000fcc80000,0x00000000fd978380,0x00000000fd980000)
  to   space 15360K, 0% used [0x00000000fbd80000,0x00000000fbd80000,0x00000000fcc80000)
 ParOldGen       total 94720K, used 23180K [0x00000000e0000000, 0x00000000e5c80000, 0x00000000f5580000)
  object space 94720K, 24% used [0x00000000e0000000,0x00000000e16a30b8,0x00000000e5c80000)
 Metaspace       used 57540K, capacity 59048K, committed 59160K, reserved 1099776K
  class space    used 7741K, capacity 8157K, committed 8240K, reserved 1048576K
}
Event: 10.819 GC heap before
{Heap before GC invocations=17 (full 3):
 PSYoungGen      total 119808K, used 13280K [0x00000000f5580000, 0x00000000fee00000, 0x0000000100000000)
  eden space 106496K, 0% used [0x00000000f5580000,0x00000000f5580000,0x00000000fbd80000)
  from space 13312K, 99% used [0x00000000fcc80000,0x00000000fd978380,0x00000000fd980000)
  to   space 15360K, 0% used [0x00000000fbd80000,0x00000000fbd80000,0x00000000fcc80000)
 ParOldGen       total 94720K, used 23180K [0x00000000e0000000, 0x00000000e5c80000, 0x00000000f5580000)
  object space 94720K, 24% used [0x00000000e0000000,0x00000000e16a30b8,0x00000000e5c80000)
 Metaspace       used 57540K, capacity 59048K, committed 59160K, reserved 1099776K
  class space    used 7741K, capacity 8157K, committed 8240K, reserved 1048576K
Event: 11.039 GC heap after
Heap after GC invocations=17 (full 3):
 PSYoungGen      total 119808K, used 0K [0x00000000f5580000, 0x00000000fee00000, 0x0000000100000000)
  eden space 106496K, 0% used [0x00000000f5580000,0x00000000f5580000,0x00000000fbd80000)
  from space 13312K, 0% used [0x00000000fcc80000,0x00000000fcc80000,0x00000000fd980000)
  to   space 15360K, 0% used [0x00000000fbd80000,0x00000000fbd80000,0x00000000fcc80000)
 ParOldGen       total 146944K, used 33505K [0x00000000e0000000, 0x00000000e8f80000, 0x00000000f5580000)
  object space 146944K, 22% used [0x00000000e0000000,0x00000000e20b8770,0x00000000e8f80000)
 Metaspace       used 57540K, capacity 59048K, committed 59160K, reserved 1099776K
  class space    used 7741K, capacity 8157K, committed 8240K, reserved 1048576K
}
Event: 13.820 GC heap before
{Heap before GC invocations=18 (full 3):
 PSYoungGen      total 119808K, used 106496K [0x00000000f5580000, 0x00000000fee00000, 0x0000000100000000)
  eden space 106496K, 100% used [0x00000000f5580000,0x00000000fbd80000,0x00000000fbd80000)
  from space 13312K, 0% used [0x00000000fcc80000,0x00000000fcc80000,0x00000000fd980000)
  to   space 15360K, 0% used [0x00000000fbd80000,0x00000000fbd80000,0x00000000fcc80000)
 ParOldGen       total 146944K, used 33505K [0x00000000e0000000, 0x00000000e8f80000, 0x00000000f5580000)
  object space 146944K, 22% used [0x00000000e0000000,0x00000000e20b8770,0x00000000e8f80000)
 Metaspace       used 62342K, capacity 64318K, committed 64536K, reserved 1105920K
  class space    used 8432K, capacity 8902K, committed 9008K, reserved 1048576K
Event: 13.835 GC heap after
Heap after GC invocations=18 (full 3):
 PSYoungGen      total 121856K, used 9874K [0x00000000f5580000, 0x00000000fe800000, 0x0000000100000000)
  eden space 106496K, 0% used [0x00000000f5580000,0x00000000f5580000,0x00000000fbd80000)
  from space 15360K, 64% used [0x00000000fbd80000,0x00000000fc724b70,0x00000000fcc80000)
  to   space 15360K, 0% used [0x00000000fd900000,0x00000000fd900000,0x00000000fe800000)
 ParOldGen       total 146944K, used 33513K [0x00000000e0000000, 0x00000000e8f80000, 0x00000000f5580000)
  object space 146944K, 22% used [0x00000000e0000000,0x00000000e20ba770,0x00000000e8f80000)
 Metaspace       used 62342K, capacity 64318K, committed 64536K, reserved 1105920K
  class space    used 8432K, capacity 8902K, committed 9008K, reserved 1048576K
}
Event: 25.167 GC heap before
{Heap before GC invocations=19 (full 3):
 PSYoungGen      total 121856K, used 116370K [0x00000000f5580000, 0x00000000fe800000, 0x0000000100000000)
  eden space 106496K, 100% used [0x00000000f5580000,0x00000000fbd80000,0x00000000fbd80000)
  from space 15360K, 64% used [0x00000000fbd80000,0x00000000fc724b70,0x00000000fcc80000)
  to   space 15360K, 0% used [0x00000000fd900000,0x00000000fd900000,0x00000000fe800000)
 ParOldGen       total 146944K, used 33513K [0x00000000e0000000, 0x00000000e8f80000, 0x00000000f5580000)
  object space 146944K, 22% used [0x00000000e0000000,0x00000000e20ba770,0x00000000e8f80000)
 Metaspace       used 64580K, capacity 66634K, committed 66840K, reserved 1107968K
  class space    used 8678K, capacity 9190K, committed 9264K, reserved 1048576K
Event: 25.178 GC heap after
Heap after GC invocations=19 (full 3):
 PSYoungGen      total 131584K, used 12308K [0x00000000f5580000, 0x00000000fe780000, 0x0000000100000000)
  eden space 116736K, 0% used [0x00000000f5580000,0x00000000f5580000,0x00000000fc780000)
  from space 14848K, 82% used [0x00000000fd900000,0x00000000fe5053d8,0x00000000fe780000)
  to   space 16384K, 0% used [0x00000000fc780000,0x00000000fc780000,0x00000000fd780000)
 ParOldGen       total 146944K, used 33521K [0x00000000e0000000, 0x00000000e8f80000, 0x00000000f5580000)
  object space 146944K, 22% used [0x00000000e0000000,0x00000000e20bc770,0x00000000e8f80000)
 Metaspace       used 64580K, capacity 66634K, committed 66840K, reserved 1107968K
  class space    used 8678K, capacity 9190K, committed 9264K, reserved 1048576K
}
Event: 31.877 GC heap before
{Heap before GC invocations=20 (full 3):
 PSYoungGen      total 131584K, used 129044K [0x00000000f5580000, 0x00000000fe780000, 0x0000000100000000)
  eden space 116736K, 100% used [0x00000000f5580000,0x00000000fc780000,0x00000000fc780000)
  from space 14848K, 82% used [0x00000000fd900000,0x00000000fe5053d8,0x00000000fe780000)
  to   space 16384K, 0% used [0x00000000fc780000,0x00000000fc780000,0x00000000fd780000)
 ParOldGen       total 146944K, used 33521K [0x00000000e0000000, 0x00000000e8f80000, 0x00000000f5580000)
  object space 146944K, 22% used [0x00000000e0000000,0x00000000e20bc770,0x00000000e8f80000)
 Metaspace       used 68109K, capacity 70348K, committed 70552K, reserved 1110016K
  class space    used 9177K, capacity 9643K, committed 9648K, reserved 1048576K
Event: 31.897 GC heap after
Heap after GC invocations=20 (full 3):
 PSYoungGen      total 133120K, used 16355K [0x00000000f5580000, 0x00000000ff800000, 0x0000000100000000)
  eden space 116736K, 0% used [0x00000000f5580000,0x00000000f5580000,0x00000000fc780000)
  from space 16384K, 99% used [0x00000000fc780000,0x00000000fd778da8,0x00000000fd780000)
  to   space 21504K, 0% used [0x00000000fe300000,0x00000000fe300000,0x00000000ff800000)
 ParOldGen       total 146944K, used 41240K [0x00000000e0000000, 0x00000000e8f80000, 0x00000000f5580000)
  object space 146944K, 28% used [0x00000000e0000000,0x00000000e28462e0,0x00000000e8f80000)
 Metaspace       used 68109K, capacity 70348K, committed 70552K, reserved 1110016K
  class space    used 9177K, capacity 9643K, committed 9648K, reserved 1048576K
}

