# JRE version: OpenJDK Runtime Environment (8.0_152-b01) (build 1.8.0_152-release-1343-b01)
# Java VM: OpenJDK 64-Bit Server VM (25.152-b01 mixed mode windows-amd64 compressed oops)
Heap:
 PSYoungGen      total 62976K, used 21202K [0x00000000f5580000, 0x00000000fa080000, 0x0000000100000000)
  eden space 57856K, 36% used [0x00000000f5580000,0x00000000f6a349f0,0x00000000f8e00000)
  from space 5120K, 0% used [0x00000000f9b80000,0x00000000f9b80000,0x00000000fa080000)
  to   space 5120K, 0% used [0x00000000f9680000,0x00000000f9680000,0x00000000f9b80000)
 ParOldGen       total 60928K, used 50104K [0x00000000e0000000, 0x00000000e3b80000, 0x00000000f5580000)
  object space 60928K, 82% used [0x00000000e0000000,0x00000000e30ee358,0x00000000e3b80000)
 Metaspace       used 51076K, capacity 52075K, committed 52312K, reserved 1095680K
  class space    used 6405K, capacity 6694K, committed 6784K, reserved 1048576K
GC Heap History (10 events):
Event: 9.312 GC heap before
{Heap before GC invocations=9 (full 3):
 PSYoungGen      total 62976K, used 57856K [0x00000000f5580000, 0x00000000fa080000, 0x0000000100000000)
  eden space 57856K, 100% used [0x00000000f5580000,0x00000000f8e00000,0x00000000f8e00000)
  from space 5120K, 0% used [0x00000000f9680000,0x00000000f9680000,0x00000000f9b80000)
  to   space 5120K, 0% used [0x00000000f9b80000,0x00000000f9b80000,0x00000000fa080000)
 ParOldGen       total 60928K, used 23313K [0x00000000e0000000, 0x00000000e3b80000, 0x00000000f5580000)
  object space 60928K, 38% used [0x00000000e0000000,0x00000000e16c47f0,0x00000000e3b80000)
 Metaspace       used 40018K, capacity 40679K, committed 41048K, reserved 1085440K
  class space    used 5076K, capacity 5234K, committed 5248K, reserved 1048576K
Event: 9.320 GC heap after
Heap after GC invocations=9 (full 3):
 PSYoungGen      total 62976K, used 5111K [0x00000000f5580000, 0x00000000fa080000, 0x0000000100000000)
  eden space 57856K, 0% used [0x00000000f5580000,0x00000000f5580000,0x00000000f8e00000)
  from space 5120K, 99% used [0x00000000f9b80000,0x00000000fa07df98,0x00000000fa080000)
  to   space 5120K, 0% used [0x00000000f9680000,0x00000000f9680000,0x00000000f9b80000)
 ParOldGen       total 60928K, used 31340K [0x00000000e0000000, 0x00000000e3b80000, 0x00000000f5580000)
  object space 60928K, 51% used [0x00000000e0000000,0x00000000e1e9b108,0x00000000e3b80000)
 Metaspace       used 40018K, capacity 40679K, committed 41048K, reserved 1085440K
  class space    used 5076K, capacity 5234K, committed 5248K, reserved 1048576K
}
Event: 10.820 GC heap before
{Heap before GC invocations=10 (full 3):
 PSYoungGen      total 62976K, used 62967K [0x00000000f5580000, 0x00000000fa080000, 0x0000000100000000)
  eden space 57856K, 100% used [0x00000000f5580000,0x00000000f8e00000,0x00000000f8e00000)
  from space 5120K, 99% used [0x00000000f9b80000,0x00000000fa07df98,0x00000000fa080000)
  to   space 5120K, 0% used [0x00000000f9680000,0x00000000f9680000,0x00000000f9b80000)
 ParOldGen       total 60928K, used 31340K [0x00000000e0000000, 0x00000000e3b80000, 0x00000000f5580000)
  object space 60928K, 51% used [0x00000000e0000000,0x00000000e1e9b108,0x00000000e3b80000)
 Metaspace       used 43941K, capacity 44727K, committed 45016K, reserved 1089536K
  class space    used 5445K, capacity 5626K, committed 5632K, reserved 1048576K
Event: 10.843 GC heap after
Heap after GC invocations=10 (full 3):
 PSYoungGen      total 62976K, used 5111K [0x00000000f5580000, 0x00000000fa080000, 0x0000000100000000)
  eden space 57856K, 0% used [0x00000000f5580000,0x00000000f5580000,0x00000000f8e00000)
  from space 5120K, 99% used [0x00000000f9680000,0x00000000f9b7dfa8,0x00000000f9b80000)
  to   space 5120K, 0% used [0x00000000f9b80000,0x00000000f9b80000,0x00000000fa080000)
 ParOldGen       total 60928K, used 44630K [0x00000000e0000000, 0x00000000e3b80000, 0x00000000f5580000)
  object space 60928K, 73% used [0x00000000e0000000,0x00000000e2b95b80,0x00000000e3b80000)
 Metaspace       used 43941K, capacity 44727K, committed 45016K, reserved 1089536K
  class space    used 5445K, capacity 5626K, committed 5632K, reserved 1048576K
}
Event: 11.579 GC heap before
{Heap before GC invocations=11 (full 3):
 PSYoungGen      total 62976K, used 62967K [0x00000000f5580000, 0x00000000fa080000, 0x0000000100000000)
  eden space 57856K, 100% used [0x00000000f5580000,0x00000000f8e00000,0x00000000f8e00000)
  from space 5120K, 99% used [0x00000000f9680000,0x00000000f9b7dfa8,0x00000000f9b80000)
  to   space 5120K, 0% used [0x00000000f9b80000,0x00000000f9b80000,0x00000000fa080000)
 ParOldGen       total 60928K, used 44630K [0x00000000e0000000, 0x00000000e3b80000, 0x00000000f5580000)
  object space 60928K, 73% used [0x00000000e0000000,0x00000000e2b95b80,0x00000000e3b80000)
 Metaspace       used 44356K, capacity 45133K, committed 45272K, reserved 1089536K
  class space    used 5461K, capacity 5629K, committed 5632K, reserved 1048576K
Event: 11.598 GC heap after
Heap after GC invocations=11 (full 3):
 PSYoungGen      total 62976K, used 5111K [0x00000000f5580000, 0x00000000fa080000, 0x0000000100000000)
  eden space 57856K, 0% used [0x00000000f5580000,0x00000000f5580000,0x00000000f8e00000)
  from space 5120K, 99% used [0x00000000f9b80000,0x00000000fa07dfa8,0x00000000fa080000)
  to   space 5120K, 0% used [0x00000000f9680000,0x00000000f9680000,0x00000000f9b80000)
 ParOldGen       total 60928K, used 51574K [0x00000000e0000000, 0x00000000e3b80000, 0x00000000f5580000)
  object space 60928K, 84% used [0x00000000e0000000,0x00000000e325d890,0x00000000e3b80000)
 Metaspace       used 44356K, capacity 45133K, committed 45272K, reserved 1089536K
  class space    used 5461K, capacity 5629K, committed 5632K, reserved 1048576K
}
Event: 11.598 GC heap before
{Heap before GC invocations=12 (full 4):
 PSYoungGen      total 62976K, used 5111K [0x00000000f5580000, 0x00000000fa080000, 0x0000000100000000)
  eden space 57856K, 0% used [0x00000000f5580000,0x00000000f5580000,0x00000000f8e00000)
  from space 5120K, 99% used [0x00000000f9b80000,0x00000000fa07dfa8,0x00000000fa080000)
  to   space 5120K, 0% used [0x00000000f9680000,0x00000000f9680000,0x00000000f9b80000)
 ParOldGen       total 60928K, used 51574K [0x00000000e0000000, 0x00000000e3b80000, 0x00000000f5580000)
  object space 60928K, 84% used [0x00000000e0000000,0x00000000e325d890,0x00000000e3b80000)
 Metaspace       used 44356K, capacity 45133K, committed 45272K, reserved 1089536K
  class space    used 5461K, capacity 5629K, committed 5632K, reserved 1048576K
Event: 11.813 GC heap after
Heap after GC invocations=12 (full 4):
 PSYoungGen      total 62976K, used 0K [0x00000000f5580000, 0x00000000fa080000, 0x0000000100000000)
  eden space 57856K, 0% used [0x00000000f5580000,0x00000000f5580000,0x00000000f8e00000)
  from space 5120K, 0% used [0x00000000f9b80000,0x00000000f9b80000,0x00000000fa080000)
  to   space 5120K, 0% used [0x00000000f9680000,0x00000000f9680000,0x00000000f9b80000)
 ParOldGen       total 60928K, used 46927K [0x00000000e0000000, 0x00000000e3b80000, 0x00000000f5580000)
  object space 60928K, 77% used [0x00000000e0000000,0x00000000e2dd3df8,0x00000000e3b80000)
 Metaspace       used 44356K, capacity 45133K, committed 45272K, reserved 1089536K
  class space    used 5461K, capacity 5629K, committed 5632K, reserved 1048576K
}
Event: 12.637 GC heap before
{Heap before GC invocations=13 (full 5):
 PSYoungGen      total 62976K, used 57856K [0x00000000f5580000, 0x00000000fa080000, 0x0000000100000000)
  eden space 57856K, 100% used [0x00000000f5580000,0x00000000f8e00000,0x00000000f8e00000)
  from space 5120K, 0% used [0x00000000f9b80000,0x00000000f9b80000,0x00000000fa080000)
  to   space 5120K, 0% used [0x00000000f9680000,0x00000000f9680000,0x00000000f9b80000)
 ParOldGen       total 60928K, used 46927K [0x00000000e0000000, 0x00000000e3b80000, 0x00000000f5580000)
  object space 60928K, 77% used [0x00000000e0000000,0x00000000e2dd3df8,0x00000000e3b80000)
 Metaspace       used 49812K, capacity 50789K, committed 51160K, reserved 1093632K
  class space    used 6272K, capacity 6551K, committed 6656K, reserved 1048576K
Event: 12.748 GC heap after
Heap after GC invocations=13 (full 5):
 PSYoungGen      total 62976K, used 0K [0x00000000f5580000, 0x00000000fa080000, 0x0000000100000000)
  eden space 57856K, 0% used [0x00000000f5580000,0x00000000f5580000,0x00000000f8e00000)
  from space 5120K, 0% used [0x00000000f9b80000,0x00000000f9b80000,0x00000000fa080000)
  to   space 5120K, 0% used [0x00000000f9680000,0x00000000f9680000,0x00000000f9b80000)
 ParOldGen       total 60928K, used 50104K [0x00000000e0000000, 0x00000000e3b80000, 0x00000000f5580000)
  object space 60928K, 82% used [0x00000000e0000000,0x00000000e30ee358,0x00000000e3b80000)
 Metaspace       used 49812K, capacity 50789K, committed 51160K, reserved 1093632K
  class space    used 6272K, capacity 6551K, committed 6656K, reserved 1048576K
}

