# JRE version: OpenJDK Runtime Environment (8.0_152-b01) (build 1.8.0_152-release-1343-b01)
# Java VM: OpenJDK 64-Bit Server VM (25.152-b01 mixed mode windows-amd64 compressed oops)
Heap:
 PSYoungGen      total 90624K, used 71602K [0x00000000f5580000, 0x00000000fcb80000, 0x0000000100000000)
  eden space 69120K, 72% used [0x00000000f5580000,0x00000000f8671418,0x00000000f9900000)
  from space 21504K, 99% used [0x00000000f9900000,0x00000000fadfb6e8,0x00000000fae00000)
  to   space 17408K, 0% used [0x00000000fae00000,0x00000000fae00000,0x00000000fbf00000)
 ParOldGen       total 131072K, used 29448K [0x00000000e0000000, 0x00000000e8000000, 0x00000000f5580000)
  object space 131072K, 22% used [0x00000000e0000000,0x00000000e1cc21e0,0x00000000e8000000)
 Metaspace       used 48747K, capacity 49711K, committed 50216K, reserved 1093632K
  class space    used 6057K, capacity 6326K, committed 6448K, reserved 1048576K
GC Heap History (10 events):
Event: 16.444 GC heap before
{Heap before GC invocations=8 (full 2):
 PSYoungGen      total 54272K, used 52146K [0x00000000f5580000, 0x00000000f9c00000, 0x0000000100000000)
  eden space 49152K, 95% used [0x00000000f5580000,0x00000000f8371938,0x00000000f8580000)
  from space 5120K, 99% used [0x00000000f9680000,0x00000000f9b7b0c8,0x00000000f9b80000)
  to   space 512K, 0% used [0x00000000f9b80000,0x00000000f9b80000,0x00000000f9c00000)
 ParOldGen       total 75776K, used 18342K [0x00000000e0000000, 0x00000000e4a00000, 0x00000000f5580000)
  object space 75776K, 24% used [0x00000000e0000000,0x00000000e11e99e8,0x00000000e4a00000)
 Metaspace       used 34583K, capacity 35251K, committed 35496K, reserved 1079296K
  class space    used 4580K, capacity 4768K, committed 4784K, reserved 1048576K
Event: 16.450 GC heap after
Heap after GC invocations=8 (full 2):
 PSYoungGen      total 57344K, used 510K [0x00000000f5580000, 0x00000000fa900000, 0x0000000100000000)
  eden space 56832K, 0% used [0x00000000f5580000,0x00000000f5580000,0x00000000f8d00000)
  from space 512K, 99% used [0x00000000f9b80000,0x00000000f9bffb28,0x00000000f9c00000)
  to   space 14336K, 0% used [0x00000000f8d00000,0x00000000f8d00000,0x00000000f9b00000)
 ParOldGen       total 75776K, used 29655K [0x00000000e0000000, 0x00000000e4a00000, 0x00000000f5580000)
  object space 75776K, 39% used [0x00000000e0000000,0x00000000e1cf5dc0,0x00000000e4a00000)
 Metaspace       used 34583K, capacity 35251K, committed 35496K, reserved 1079296K
  class space    used 4580K, capacity 4768K, committed 4784K, reserved 1048576K
}
Event: 16.450 GC heap before
{Heap before GC invocations=9 (full 3):
 PSYoungGen      total 57344K, used 510K [0x00000000f5580000, 0x00000000fa900000, 0x0000000100000000)
  eden space 56832K, 0% used [0x00000000f5580000,0x00000000f5580000,0x00000000f8d00000)
  from space 512K, 99% used [0x00000000f9b80000,0x00000000f9bffb28,0x00000000f9c00000)
  to   space 14336K, 0% used [0x00000000f8d00000,0x00000000f8d00000,0x00000000f9b00000)
 ParOldGen       total 75776K, used 29655K [0x00000000e0000000, 0x00000000e4a00000, 0x00000000f5580000)
  object space 75776K, 39% used [0x00000000e0000000,0x00000000e1cf5dc0,0x00000000e4a00000)
 Metaspace       used 34583K, capacity 35251K, committed 35496K, reserved 1079296K
  class space    used 4580K, capacity 4768K, committed 4784K, reserved 1048576K
Event: 16.509 GC heap after
Heap after GC invocations=9 (full 3):
 PSYoungGen      total 57344K, used 0K [0x00000000f5580000, 0x00000000fa900000, 0x0000000100000000)
  eden space 56832K, 0% used [0x00000000f5580000,0x00000000f5580000,0x00000000f8d00000)
  from space 512K, 0% used [0x00000000f9b80000,0x00000000f9b80000,0x00000000f9c00000)
  to   space 14336K, 0% used [0x00000000f8d00000,0x00000000f8d00000,0x00000000f9b00000)
 ParOldGen       total 131072K, used 19346K [0x00000000e0000000, 0x00000000e8000000, 0x00000000f5580000)
  object space 131072K, 14% used [0x00000000e0000000,0x00000000e12e49f8,0x00000000e8000000)
 Metaspace       used 34583K, capacity 35251K, committed 35496K, reserved 1079296K
  class space    used 4580K, capacity 4768K, committed 4784K, reserved 1048576K
}
Event: 17.189 GC heap before
{Heap before GC invocations=10 (full 3):
 PSYoungGen      total 57344K, used 56832K [0x00000000f5580000, 0x00000000fa900000, 0x0000000100000000)
  eden space 56832K, 100% used [0x00000000f5580000,0x00000000f8d00000,0x00000000f8d00000)
  from space 512K, 0% used [0x00000000f9b80000,0x00000000f9b80000,0x00000000f9c00000)
  to   space 14336K, 0% used [0x00000000f8d00000,0x00000000f8d00000,0x00000000f9b00000)
 ParOldGen       total 131072K, used 19346K [0x00000000e0000000, 0x00000000e8000000, 0x00000000f5580000)
  object space 131072K, 14% used [0x00000000e0000000,0x00000000e12e49f8,0x00000000e8000000)
 Metaspace       used 41221K, capacity 41993K, committed 42408K, reserved 1085440K
  class space    used 5296K, capacity 5525K, committed 5552K, reserved 1048576K
Event: 17.198 GC heap after
Heap after GC invocations=10 (full 3):
 PSYoungGen      total 71168K, used 14304K [0x00000000f5580000, 0x00000000fbf00000, 0x0000000100000000)
  eden space 56832K, 0% used [0x00000000f5580000,0x00000000f5580000,0x00000000f8d00000)
  from space 14336K, 99% used [0x00000000f8d00000,0x00000000f9af8398,0x00000000f9b00000)
  to   space 17408K, 0% used [0x00000000fae00000,0x00000000fae00000,0x00000000fbf00000)
 ParOldGen       total 131072K, used 20954K [0x00000000e0000000, 0x00000000e8000000, 0x00000000f5580000)
  object space 131072K, 15% used [0x00000000e0000000,0x00000000e1476950,0x00000000e8000000)
 Metaspace       used 41221K, capacity 41993K, committed 42408K, reserved 1085440K
  class space    used 5296K, capacity 5525K, committed 5552K, reserved 1048576K
}
Event: 18.198 GC heap before
{Heap before GC invocations=11 (full 3):
 PSYoungGen      total 71168K, used 71136K [0x00000000f5580000, 0x00000000fbf00000, 0x0000000100000000)
  eden space 56832K, 100% used [0x00000000f5580000,0x00000000f8d00000,0x00000000f8d00000)
  from space 14336K, 99% used [0x00000000f8d00000,0x00000000f9af8398,0x00000000f9b00000)
  to   space 17408K, 0% used [0x00000000fae00000,0x00000000fae00000,0x00000000fbf00000)
 ParOldGen       total 131072K, used 20954K [0x00000000e0000000, 0x00000000e8000000, 0x00000000f5580000)
  object space 131072K, 15% used [0x00000000e0000000,0x00000000e1476950,0x00000000e8000000)
 Metaspace       used 45722K, capacity 46559K, committed 47144K, reserved 1089536K
  class space    used 5825K, capacity 6066K, committed 6192K, reserved 1048576K
Event: 18.220 GC heap after
Heap after GC invocations=11 (full 3):
 PSYoungGen      total 86528K, used 17389K [0x00000000f5580000, 0x00000000fcb80000, 0x0000000100000000)
  eden space 69120K, 0% used [0x00000000f5580000,0x00000000f5580000,0x00000000f9900000)
  from space 17408K, 99% used [0x00000000fae00000,0x00000000fbefb5e0,0x00000000fbf00000)
  to   space 21504K, 0% used [0x00000000f9900000,0x00000000f9900000,0x00000000fae00000)
 ParOldGen       total 131072K, used 24037K [0x00000000e0000000, 0x00000000e8000000, 0x00000000f5580000)
  object space 131072K, 18% used [0x00000000e0000000,0x00000000e17795e8,0x00000000e8000000)
 Metaspace       used 45722K, capacity 46559K, committed 47144K, reserved 1089536K
  class space    used 5825K, capacity 6066K, committed 6192K, reserved 1048576K
}
Event: 20.060 GC heap before
{Heap before GC invocations=12 (full 3):
 PSYoungGen      total 86528K, used 86509K [0x00000000f5580000, 0x00000000fcb80000, 0x0000000100000000)
  eden space 69120K, 100% used [0x00000000f5580000,0x00000000f9900000,0x00000000f9900000)
  from space 17408K, 99% used [0x00000000fae00000,0x00000000fbefb5e0,0x00000000fbf00000)
  to   space 21504K, 0% used [0x00000000f9900000,0x00000000f9900000,0x00000000fae00000)
 ParOldGen       total 131072K, used 24037K [0x00000000e0000000, 0x00000000e8000000, 0x00000000f5580000)
  object space 131072K, 18% used [0x00000000e0000000,0x00000000e17795e8,0x00000000e8000000)
 Metaspace       used 47605K, capacity 48461K, committed 48936K, reserved 1091584K
  class space    used 5916K, capacity 6153K, committed 6192K, reserved 1048576K
Event: 20.082 GC heap after
Heap after GC invocations=12 (full 3):
 PSYoungGen      total 90624K, used 21485K [0x00000000f5580000, 0x00000000fcb80000, 0x0000000100000000)
  eden space 69120K, 0% used [0x00000000f5580000,0x00000000f5580000,0x00000000f9900000)
  from space 21504K, 99% used [0x00000000f9900000,0x00000000fadfb6e8,0x00000000fae00000)
  to   space 17408K, 0% used [0x00000000fae00000,0x00000000fae00000,0x00000000fbf00000)
 ParOldGen       total 131072K, used 29448K [0x00000000e0000000, 0x00000000e8000000, 0x00000000f5580000)
  object space 131072K, 22% used [0x00000000e0000000,0x00000000e1cc21e0,0x00000000e8000000)
 Metaspace       used 47605K, capacity 48461K, committed 48936K, reserved 1091584K
  class space    used 5916K, capacity 6153K, committed 6192K, reserved 1048576K
}

