# JRE version: OpenJDK Runtime Environment (8.0_152-b01) (build 1.8.0_152-release-1343-b01)
# Java VM: OpenJDK 64-Bit Server VM (25.152-b01 mixed mode windows-amd64 compressed oops)
Heap:
 PSYoungGen      total 91648K, used 47003K [0x00000000f5580000, 0x00000000fcc00000, 0x0000000100000000)
  eden space 75264K, 40% used [0x00000000f5580000,0x00000000f7367190,0x00000000f9f00000)
  from space 16384K, 99% used [0x00000000fb380000,0x00000000fc37fc10,0x00000000fc380000)
  to   space 20992K, 0% used [0x00000000f9f00000,0x00000000f9f00000,0x00000000fb380000)
 ParOldGen       total 117248K, used 22255K [0x00000000e0000000, 0x00000000e7280000, 0x00000000f5580000)
  object space 117248K, 18% used [0x00000000e0000000,0x00000000e15bbf28,0x00000000e7280000)
 Metaspace       used 44182K, capacity 44965K, committed 45400K, reserved 1089536K
  class space    used 5449K, capacity 5659K, committed 5720K, reserved 1048576K
GC Heap History (10 events):
Event: 12.234 GC heap before
{Heap before GC invocations=7 (full 2):
 PSYoungGen      total 45568K, used 45544K [0x00000000f5580000, 0x00000000fa080000, 0x0000000100000000)
  eden space 40448K, 100% used [0x00000000f5580000,0x00000000f7d00000,0x00000000f7d00000)
  from space 5120K, 99% used [0x00000000f9b80000,0x00000000fa07a0f0,0x00000000fa080000)
  to   space 5120K, 0% used [0x00000000f9680000,0x00000000f9680000,0x00000000f9b80000)
 ParOldGen       total 75264K, used 13648K [0x00000000e0000000, 0x00000000e4980000, 0x00000000f5580000)
  object space 75264K, 18% used [0x00000000e0000000,0x00000000e0d54040,0x00000000e4980000)
 Metaspace       used 32550K, capacity 33023K, committed 33280K, reserved 1079296K
  class space    used 4144K, capacity 4320K, committed 4352K, reserved 1048576K
Event: 12.253 GC heap after
Heap after GC invocations=7 (full 2):
 PSYoungGen      total 56832K, used 5114K [0x00000000f5580000, 0x00000000f9c00000, 0x0000000100000000)
  eden space 51712K, 0% used [0x00000000f5580000,0x00000000f5580000,0x00000000f8800000)
  from space 5120K, 99% used [0x00000000f9680000,0x00000000f9b7ea58,0x00000000f9b80000)
  to   space 512K, 0% used [0x00000000f9b80000,0x00000000f9b80000,0x00000000f9c00000)
 ParOldGen       total 75264K, used 22353K [0x00000000e0000000, 0x00000000e4980000, 0x00000000f5580000)
  object space 75264K, 29% used [0x00000000e0000000,0x00000000e15d46e0,0x00000000e4980000)
 Metaspace       used 32550K, capacity 33023K, committed 33280K, reserved 1079296K
  class space    used 4144K, capacity 4320K, committed 4352K, reserved 1048576K
}
Event: 12.556 GC heap before
{Heap before GC invocations=8 (full 2):
 PSYoungGen      total 56832K, used 19968K [0x00000000f5580000, 0x00000000f9c00000, 0x0000000100000000)
  eden space 51712K, 28% used [0x00000000f5580000,0x00000000f6401760,0x00000000f8800000)
  from space 5120K, 99% used [0x00000000f9680000,0x00000000f9b7ea58,0x00000000f9b80000)
  to   space 512K, 0% used [0x00000000f9b80000,0x00000000f9b80000,0x00000000f9c00000)
 ParOldGen       total 75264K, used 22353K [0x00000000e0000000, 0x00000000e4980000, 0x00000000f5580000)
  object space 75264K, 29% used [0x00000000e0000000,0x00000000e15d46e0,0x00000000e4980000)
 Metaspace       used 34617K, capacity 35115K, committed 35416K, reserved 1079296K
  class space    used 4458K, capacity 4610K, committed 4696K, reserved 1048576K
Event: 12.565 GC heap after
Heap after GC invocations=8 (full 2):
 PSYoungGen      total 57856K, used 480K [0x00000000f5580000, 0x00000000fb600000, 0x0000000100000000)
  eden space 57344K, 0% used [0x00000000f5580000,0x00000000f5580000,0x00000000f8d80000)
  from space 512K, 93% used [0x00000000f9b80000,0x00000000f9bf8020,0x00000000f9c00000)
  to   space 14336K, 0% used [0x00000000f8d80000,0x00000000f8d80000,0x00000000f9b80000)
 ParOldGen       total 75264K, used 29983K [0x00000000e0000000, 0x00000000e4980000, 0x00000000f5580000)
  object space 75264K, 39% used [0x00000000e0000000,0x00000000e1d47f48,0x00000000e4980000)
 Metaspace       used 34617K, capacity 35115K, committed 35416K, reserved 1079296K
  class space    used 4458K, capacity 4610K, committed 4696K, reserved 1048576K
}
Event: 12.565 GC heap before
{Heap before GC invocations=9 (full 3):
 PSYoungGen      total 57856K, used 480K [0x00000000f5580000, 0x00000000fb600000, 0x0000000100000000)
  eden space 57344K, 0% used [0x00000000f5580000,0x00000000f5580000,0x00000000f8d80000)
  from space 512K, 93% used [0x00000000f9b80000,0x00000000f9bf8020,0x00000000f9c00000)
  to   space 14336K, 0% used [0x00000000f8d80000,0x00000000f8d80000,0x00000000f9b80000)
 ParOldGen       total 75264K, used 29983K [0x00000000e0000000, 0x00000000e4980000, 0x00000000f5580000)
  object space 75264K, 39% used [0x00000000e0000000,0x00000000e1d47f48,0x00000000e4980000)
 Metaspace       used 34617K, capacity 35115K, committed 35416K, reserved 1079296K
  class space    used 4458K, capacity 4610K, committed 4696K, reserved 1048576K
Event: 12.672 GC heap after
Heap after GC invocations=9 (full 3):
 PSYoungGen      total 57856K, used 0K [0x00000000f5580000, 0x00000000fb600000, 0x0000000100000000)
  eden space 57344K, 0% used [0x00000000f5580000,0x00000000f5580000,0x00000000f8d80000)
  from space 512K, 0% used [0x00000000f9b80000,0x00000000f9b80000,0x00000000f9c00000)
  to   space 14336K, 0% used [0x00000000f8d80000,0x00000000f8d80000,0x00000000f9b80000)
 ParOldGen       total 117248K, used 16433K [0x00000000e0000000, 0x00000000e7280000, 0x00000000f5580000)
  object space 117248K, 14% used [0x00000000e0000000,0x00000000e100c7a8,0x00000000e7280000)
 Metaspace       used 34617K, capacity 35115K, committed 35416K, reserved 1079296K
  class space    used 4458K, capacity 4610K, committed 4696K, reserved 1048576K
}
Event: 15.878 GC heap before
{Heap before GC invocations=10 (full 3):
 PSYoungGen      total 57856K, used 57344K [0x00000000f5580000, 0x00000000fb600000, 0x0000000100000000)
  eden space 57344K, 100% used [0x00000000f5580000,0x00000000f8d80000,0x00000000f8d80000)
  from space 512K, 0% used [0x00000000f9b80000,0x00000000f9b80000,0x00000000f9c00000)
  to   space 14336K, 0% used [0x00000000f8d80000,0x00000000f8d80000,0x00000000f9b80000)
 ParOldGen       total 117248K, used 16433K [0x00000000e0000000, 0x00000000e7280000, 0x00000000f5580000)
  object space 117248K, 14% used [0x00000000e0000000,0x00000000e100c7a8,0x00000000e7280000)
 Metaspace       used 40060K, capacity 40659K, committed 41176K, reserved 1085440K
  class space    used 5077K, capacity 5230K, committed 5336K, reserved 1048576K
Event: 15.892 GC heap after
Heap after GC invocations=10 (full 3):
 PSYoungGen      total 71680K, used 13704K [0x00000000f5580000, 0x00000000fc380000, 0x0000000100000000)
  eden space 57344K, 0% used [0x00000000f5580000,0x00000000f5580000,0x00000000f8d80000)
  from space 14336K, 95% used [0x00000000f8d80000,0x00000000f9ae2370,0x00000000f9b80000)
  to   space 16384K, 0% used [0x00000000fb380000,0x00000000fb380000,0x00000000fc380000)
 ParOldGen       total 117248K, used 16503K [0x00000000e0000000, 0x00000000e7280000, 0x00000000f5580000)
  object space 117248K, 14% used [0x00000000e0000000,0x00000000e101dc08,0x00000000e7280000)
 Metaspace       used 40060K, capacity 40659K, committed 41176K, reserved 1085440K
  class space    used 5077K, capacity 5230K, committed 5336K, reserved 1048576K
}
Event: 17.653 GC heap before
{Heap before GC invocations=11 (full 3):
 PSYoungGen      total 71680K, used 71048K [0x00000000f5580000, 0x00000000fc380000, 0x0000000100000000)
  eden space 57344K, 100% used [0x00000000f5580000,0x00000000f8d80000,0x00000000f8d80000)
  from space 14336K, 95% used [0x00000000f8d80000,0x00000000f9ae2370,0x00000000f9b80000)
  to   space 16384K, 0% used [0x00000000fb380000,0x00000000fb380000,0x00000000fc380000)
 ParOldGen       total 117248K, used 16503K [0x00000000e0000000, 0x00000000e7280000, 0x00000000f5580000)
  object space 117248K, 14% used [0x00000000e0000000,0x00000000e101dc08,0x00000000e7280000)
 Metaspace       used 43929K, capacity 44753K, committed 45144K, reserved 1089536K
  class space    used 5436K, capacity 5653K, committed 5720K, reserved 1048576K
Event: 17.675 GC heap after
Heap after GC invocations=11 (full 3):
 PSYoungGen      total 91648K, used 16383K [0x00000000f5580000, 0x00000000fcc00000, 0x0000000100000000)
  eden space 75264K, 0% used [0x00000000f5580000,0x00000000f5580000,0x00000000f9f00000)
  from space 16384K, 99% used [0x00000000fb380000,0x00000000fc37fc10,0x00000000fc380000)
  to   space 20992K, 0% used [0x00000000f9f00000,0x00000000f9f00000,0x00000000fb380000)
 ParOldGen       total 117248K, used 22255K [0x00000000e0000000, 0x00000000e7280000, 0x00000000f5580000)
  object space 117248K, 18% used [0x00000000e0000000,0x00000000e15bbf28,0x00000000e7280000)
 Metaspace       used 43929K, capacity 44753K, committed 45144K, reserved 1089536K
  class space    used 5436K, capacity 5653K, committed 5720K, reserved 1048576K
}

