# JRE version: OpenJDK Runtime Environment (8.0_152-b01) (build 1.8.0_152-release-1343-b01)
# Java VM: OpenJDK 64-Bit Server VM (25.152-b01 mixed mode windows-amd64 compressed oops)
Heap:
 PSYoungGen      total 38400K, used 30273K [0x00000000f5580000, 0x00000000fa080000, 0x0000000100000000)
  eden space 33280K, 90% used [0x00000000f5580000,0x00000000f7310798,0x00000000f7600000)
  from space 5120K, 0% used [0x00000000f7600000,0x00000000f7600000,0x00000000f7b00000)
  to   space 5120K, 0% used [0x00000000f9b80000,0x00000000f9b80000,0x00000000fa080000)
 ParOldGen       total 74752K, used 11246K [0x00000000e0000000, 0x00000000e4900000, 0x00000000f5580000)
  object space 74752K, 15% used [0x00000000e0000000,0x00000000e0afb978,0x00000000e4900000)
 Metaspace       used 28227K, capacity 28701K, committed 29104K, reserved 1075200K
  class space    used 3820K, capacity 3987K, committed 4016K, reserved 1048576K
GC Heap History (10 events):
Event: 1.447 GC heap before
{Heap before GC invocations=1 (full 0):
 PSYoungGen      total 38400K, used 14198K [0x00000000f5580000, 0x00000000f8000000, 0x0000000100000000)
  eden space 33280K, 42% used [0x00000000f5580000,0x00000000f635da48,0x00000000f7600000)
  from space 5120K, 0% used [0x00000000f7b00000,0x00000000f7b00000,0x00000000f8000000)
  to   space 5120K, 0% used [0x00000000f7600000,0x00000000f7600000,0x00000000f7b00000)
 ParOldGen       total 87552K, used 0K [0x00000000e0000000, 0x00000000e5580000, 0x00000000f5580000)
  object space 87552K, 0% used [0x00000000e0000000,0x00000000e0000000,0x00000000e5580000)
 Metaspace       used 8967K, capacity 9110K, committed 9216K, reserved 1056768K
  class space    used 956K, capacity 1023K, committed 1024K, reserved 1048576K
Event: 1.450 GC heap after
Heap after GC invocations=1 (full 0):
 PSYoungGen      total 38400K, used 2921K [0x00000000f5580000, 0x00000000f8000000, 0x0000000100000000)
  eden space 33280K, 0% used [0x00000000f5580000,0x00000000f5580000,0x00000000f7600000)
  from space 5120K, 57% used [0x00000000f7600000,0x00000000f78da7f0,0x00000000f7b00000)
  to   space 5120K, 0% used [0x00000000f7b00000,0x00000000f7b00000,0x00000000f8000000)
 ParOldGen       total 87552K, used 8K [0x00000000e0000000, 0x00000000e5580000, 0x00000000f5580000)
  object space 87552K, 0% used [0x00000000e0000000,0x00000000e0002000,0x00000000e5580000)
 Metaspace       used 8967K, capacity 9110K, committed 9216K, reserved 1056768K
  class space    used 956K, capacity 1023K, committed 1024K, reserved 1048576K
}
Event: 1.450 GC heap before
{Heap before GC invocations=2 (full 1):
 PSYoungGen      total 38400K, used 2921K [0x00000000f5580000, 0x00000000f8000000, 0x0000000100000000)
  eden space 33280K, 0% used [0x00000000f5580000,0x00000000f5580000,0x00000000f7600000)
  from space 5120K, 57% used [0x00000000f7600000,0x00000000f78da7f0,0x00000000f7b00000)
  to   space 5120K, 0% used [0x00000000f7b00000,0x00000000f7b00000,0x00000000f8000000)
 ParOldGen       total 87552K, used 8K [0x00000000e0000000, 0x00000000e5580000, 0x00000000f5580000)
  object space 87552K, 0% used [0x00000000e0000000,0x00000000e0002000,0x00000000e5580000)
 Metaspace       used 8967K, capacity 9110K, committed 9216K, reserved 1056768K
  class space    used 956K, capacity 1023K, committed 1024K, reserved 1048576K
Event: 1.459 GC heap after
Heap after GC invocations=2 (full 1):
 PSYoungGen      total 38400K, used 0K [0x00000000f5580000, 0x00000000f8000000, 0x0000000100000000)
  eden space 33280K, 0% used [0x00000000f5580000,0x00000000f5580000,0x00000000f7600000)
  from space 5120K, 0% used [0x00000000f7600000,0x00000000f7600000,0x00000000f7b00000)
  to   space 5120K, 0% used [0x00000000f7b00000,0x00000000f7b00000,0x00000000f8000000)
 ParOldGen       total 87552K, used 2703K [0x00000000e0000000, 0x00000000e5580000, 0x00000000f5580000)
  object space 87552K, 3% used [0x00000000e0000000,0x00000000e02a3cf0,0x00000000e5580000)
 Metaspace       used 8967K, capacity 9110K, committed 9216K, reserved 1056768K
  class space    used 956K, capacity 1023K, committed 1024K, reserved 1048576K
}
Event: 2.451 GC heap before
{Heap before GC invocations=3 (full 1):
 PSYoungGen      total 38400K, used 33280K [0x00000000f5580000, 0x00000000f8000000, 0x0000000100000000)
  eden space 33280K, 100% used [0x00000000f5580000,0x00000000f7600000,0x00000000f7600000)
  from space 5120K, 0% used [0x00000000f7600000,0x00000000f7600000,0x00000000f7b00000)
  to   space 5120K, 0% used [0x00000000f7b00000,0x00000000f7b00000,0x00000000f8000000)
 ParOldGen       total 87552K, used 2703K [0x00000000e0000000, 0x00000000e5580000, 0x00000000f5580000)
  object space 87552K, 3% used [0x00000000e0000000,0x00000000e02a3cf0,0x00000000e5580000)
 Metaspace       used 14138K, capacity 14392K, committed 14592K, reserved 1062912K
  class space    used 1628K, capacity 1730K, committed 1792K, reserved 1048576K
Event: 2.463 GC heap after
Heap after GC invocations=3 (full 1):
 PSYoungGen      total 38400K, used 5103K [0x00000000f5580000, 0x00000000f8000000, 0x0000000100000000)
  eden space 33280K, 0% used [0x00000000f5580000,0x00000000f5580000,0x00000000f7600000)
  from space 5120K, 99% used [0x00000000f7b00000,0x00000000f7ffbd88,0x00000000f8000000)
  to   space 5120K, 0% used [0x00000000f7600000,0x00000000f7600000,0x00000000f7b00000)
 ParOldGen       total 87552K, used 5269K [0x00000000e0000000, 0x00000000e5580000, 0x00000000f5580000)
  object space 87552K, 6% used [0x00000000e0000000,0x00000000e0525448,0x00000000e5580000)
 Metaspace       used 14138K, capacity 14392K, committed 14592K, reserved 1062912K
  class space    used 1628K, capacity 1730K, committed 1792K, reserved 1048576K
}
Event: 3.690 GC heap before
{Heap before GC invocations=4 (full 1):
 PSYoungGen      total 38400K, used 36997K [0x00000000f5580000, 0x00000000f8000000, 0x0000000100000000)
  eden space 33280K, 95% used [0x00000000f5580000,0x00000000f74a5930,0x00000000f7600000)
  from space 5120K, 99% used [0x00000000f7b00000,0x00000000f7ffbd88,0x00000000f8000000)
  to   space 5120K, 0% used [0x00000000f7600000,0x00000000f7600000,0x00000000f7b00000)
 ParOldGen       total 87552K, used 5269K [0x00000000e0000000, 0x00000000e5580000, 0x00000000f5580000)
  object space 87552K, 6% used [0x00000000e0000000,0x00000000e0525448,0x00000000e5580000)
 Metaspace       used 20796K, capacity 21123K, committed 21296K, reserved 1069056K
  class space    used 2452K, capacity 2572K, committed 2608K, reserved 1048576K
Event: 3.701 GC heap after
Heap after GC invocations=4 (full 1):
 PSYoungGen      total 38400K, used 5104K [0x00000000f5580000, 0x00000000fa080000, 0x0000000100000000)
  eden space 33280K, 0% used [0x00000000f5580000,0x00000000f5580000,0x00000000f7600000)
  from space 5120K, 99% used [0x00000000f7600000,0x00000000f7afc098,0x00000000f7b00000)
  to   space 5120K, 0% used [0x00000000f9b80000,0x00000000f9b80000,0x00000000fa080000)
 ParOldGen       total 87552K, used 10390K [0x00000000e0000000, 0x00000000e5580000, 0x00000000f5580000)
  object space 87552K, 11% used [0x00000000e0000000,0x00000000e0a258b8,0x00000000e5580000)
 Metaspace       used 20796K, capacity 21123K, committed 21296K, reserved 1069056K
  class space    used 2452K, capacity 2572K, committed 2608K, reserved 1048576K
}
Event: 3.701 GC heap before
{Heap before GC invocations=5 (full 2):
 PSYoungGen      total 38400K, used 5104K [0x00000000f5580000, 0x00000000fa080000, 0x0000000100000000)
  eden space 33280K, 0% used [0x00000000f5580000,0x00000000f5580000,0x00000000f7600000)
  from space 5120K, 99% used [0x00000000f7600000,0x00000000f7afc098,0x00000000f7b00000)
  to   space 5120K, 0% used [0x00000000f9b80000,0x00000000f9b80000,0x00000000fa080000)
 ParOldGen       total 87552K, used 10390K [0x00000000e0000000, 0x00000000e5580000, 0x00000000f5580000)
  object space 87552K, 11% used [0x00000000e0000000,0x00000000e0a258b8,0x00000000e5580000)
 Metaspace       used 20796K, capacity 21123K, committed 21296K, reserved 1069056K
  class space    used 2452K, capacity 2572K, committed 2608K, reserved 1048576K
Event: 3.755 GC heap after
Heap after GC invocations=5 (full 2):
 PSYoungGen      total 38400K, used 0K [0x00000000f5580000, 0x00000000fa080000, 0x0000000100000000)
  eden space 33280K, 0% used [0x00000000f5580000,0x00000000f5580000,0x00000000f7600000)
  from space 5120K, 0% used [0x00000000f7600000,0x00000000f7600000,0x00000000f7b00000)
  to   space 5120K, 0% used [0x00000000f9b80000,0x00000000f9b80000,0x00000000fa080000)
 ParOldGen       total 74752K, used 11246K [0x00000000e0000000, 0x00000000e4900000, 0x00000000f5580000)
  object space 74752K, 15% used [0x00000000e0000000,0x00000000e0afb978,0x00000000e4900000)
 Metaspace       used 20796K, capacity 21123K, committed 21296K, reserved 1069056K
  class space    used 2452K, capacity 2572K, committed 2608K, reserved 1048576K
}

