# JRE version: OpenJDK Runtime Environment (8.0_152-b01) (build 1.8.0_152-release-1343-b01)
# Java VM: OpenJDK 64-Bit Server VM (25.152-b01 mixed mode windows-amd64 compressed oops)
Heap:
 PSYoungGen      total 64512K, used 49889K [0x00000000f5580000, 0x00000000fa400000, 0x0000000100000000)
  eden space 51200K, 77% used [0x00000000f5580000,0x00000000f7c232b8,0x00000000f8780000)
  from space 13312K, 77% used [0x00000000f9500000,0x00000000f9f15220,0x00000000fa200000)
  to   space 13824K, 0% used [0x00000000f8780000,0x00000000f8780000,0x00000000f9500000)
 ParOldGen       total 104448K, used 17427K [0x00000000e0000000, 0x00000000e6600000, 0x00000000f5580000)
  object space 104448K, 16% used [0x00000000e0000000,0x00000000e1104f88,0x00000000e6600000)
 Metaspace       used 43620K, capacity 44421K, committed 44968K, reserved 1089536K
  class space    used 5492K, capacity 5683K, committed 5808K, reserved 1048576K
GC Heap History (10 events):
Event: 9.043 GC heap before
{Heap before GC invocations=7 (full 2):
 PSYoungGen      total 38400K, used 38394K [0x00000000f5580000, 0x00000000f8b80000, 0x0000000100000000)
  eden space 33280K, 100% used [0x00000000f5580000,0x00000000f7600000,0x00000000f7600000)
  from space 5120K, 99% used [0x00000000f7b00000,0x00000000f7ffe8c8,0x00000000f8000000)
  to   space 5120K, 0% used [0x00000000f7600000,0x00000000f7600000,0x00000000f7b00000)
 ParOldGen       total 72704K, used 14506K [0x00000000e0000000, 0x00000000e4700000, 0x00000000f5580000)
  object space 72704K, 19% used [0x00000000e0000000,0x00000000e0e2a988,0x00000000e4700000)
 Metaspace       used 32427K, capacity 33023K, committed 33456K, reserved 1079296K
  class space    used 4328K, capacity 4494K, committed 4528K, reserved 1048576K
Event: 9.049 GC heap after
Heap after GC invocations=7 (full 2):
 PSYoungGen      total 38400K, used 5116K [0x00000000f5580000, 0x00000000f8980000, 0x0000000100000000)
  eden space 33280K, 0% used [0x00000000f5580000,0x00000000f5580000,0x00000000f7600000)
  from space 5120K, 99% used [0x00000000f7600000,0x00000000f7aff058,0x00000000f7b00000)
  to   space 5120K, 0% used [0x00000000f8480000,0x00000000f8480000,0x00000000f8980000)
 ParOldGen       total 72704K, used 19318K [0x00000000e0000000, 0x00000000e4700000, 0x00000000f5580000)
  object space 72704K, 26% used [0x00000000e0000000,0x00000000e12ddbb8,0x00000000e4700000)
 Metaspace       used 32427K, capacity 33023K, committed 33456K, reserved 1079296K
  class space    used 4328K, capacity 4494K, committed 4528K, reserved 1048576K
}
Event: 9.198 GC heap before
{Heap before GC invocations=8 (full 2):
 PSYoungGen      total 38400K, used 21232K [0x00000000f5580000, 0x00000000f8980000, 0x0000000100000000)
  eden space 33280K, 48% used [0x00000000f5580000,0x00000000f653d008,0x00000000f7600000)
  from space 5120K, 99% used [0x00000000f7600000,0x00000000f7aff058,0x00000000f7b00000)
  to   space 5120K, 0% used [0x00000000f8480000,0x00000000f8480000,0x00000000f8980000)
 ParOldGen       total 72704K, used 19318K [0x00000000e0000000, 0x00000000e4700000, 0x00000000f5580000)
  object space 72704K, 26% used [0x00000000e0000000,0x00000000e12ddbb8,0x00000000e4700000)
 Metaspace       used 34685K, capacity 35147K, committed 35496K, reserved 1079296K
  class space    used 4545K, capacity 4688K, committed 4784K, reserved 1048576K
Event: 9.204 GC heap after
Heap after GC invocations=8 (full 2):
 PSYoungGen      total 39424K, used 5109K [0x00000000f5580000, 0x00000000fa100000, 0x0000000100000000)
  eden space 34304K, 0% used [0x00000000f5580000,0x00000000f5580000,0x00000000f7700000)
  from space 5120K, 99% used [0x00000000f8480000,0x00000000f897d498,0x00000000f8980000)
  to   space 13824K, 0% used [0x00000000f7700000,0x00000000f7700000,0x00000000f8480000)
 ParOldGen       total 72704K, used 24443K [0x00000000e0000000, 0x00000000e4700000, 0x00000000f5580000)
  object space 72704K, 33% used [0x00000000e0000000,0x00000000e17ded48,0x00000000e4700000)
 Metaspace       used 34685K, capacity 35147K, committed 35496K, reserved 1079296K
  class space    used 4545K, capacity 4688K, committed 4784K, reserved 1048576K
}
Event: 9.204 GC heap before
{Heap before GC invocations=9 (full 3):
 PSYoungGen      total 39424K, used 5109K [0x00000000f5580000, 0x00000000fa100000, 0x0000000100000000)
  eden space 34304K, 0% used [0x00000000f5580000,0x00000000f5580000,0x00000000f7700000)
  from space 5120K, 99% used [0x00000000f8480000,0x00000000f897d498,0x00000000f8980000)
  to   space 13824K, 0% used [0x00000000f7700000,0x00000000f7700000,0x00000000f8480000)
 ParOldGen       total 72704K, used 24443K [0x00000000e0000000, 0x00000000e4700000, 0x00000000f5580000)
  object space 72704K, 33% used [0x00000000e0000000,0x00000000e17ded48,0x00000000e4700000)
 Metaspace       used 34685K, capacity 35147K, committed 35496K, reserved 1079296K
  class space    used 4545K, capacity 4688K, committed 4784K, reserved 1048576K
Event: 9.248 GC heap after
Heap after GC invocations=9 (full 3):
 PSYoungGen      total 39424K, used 0K [0x00000000f5580000, 0x00000000fa100000, 0x0000000100000000)
  eden space 34304K, 0% used [0x00000000f5580000,0x00000000f5580000,0x00000000f7700000)
  from space 5120K, 0% used [0x00000000f8480000,0x00000000f8480000,0x00000000f8980000)
  to   space 13824K, 0% used [0x00000000f7700000,0x00000000f7700000,0x00000000f8480000)
 ParOldGen       total 104448K, used 17411K [0x00000000e0000000, 0x00000000e6600000, 0x00000000f5580000)
  object space 104448K, 16% used [0x00000000e0000000,0x00000000e1100f88,0x00000000e6600000)
 Metaspace       used 34685K, capacity 35147K, committed 35496K, reserved 1079296K
  class space    used 4545K, capacity 4688K, committed 4784K, reserved 1048576K
}
Event: 10.321 GC heap before
{Heap before GC invocations=10 (full 3):
 PSYoungGen      total 39424K, used 34304K [0x00000000f5580000, 0x00000000fa100000, 0x0000000100000000)
  eden space 34304K, 100% used [0x00000000f5580000,0x00000000f7700000,0x00000000f7700000)
  from space 5120K, 0% used [0x00000000f8480000,0x00000000f8480000,0x00000000f8980000)
  to   space 13824K, 0% used [0x00000000f7700000,0x00000000f7700000,0x00000000f8480000)
 ParOldGen       total 104448K, used 17411K [0x00000000e0000000, 0x00000000e6600000, 0x00000000f5580000)
  object space 104448K, 16% used [0x00000000e0000000,0x00000000e1100f88,0x00000000e6600000)
 Metaspace       used 39734K, capacity 40331K, committed 40872K, reserved 1085440K
  class space    used 5133K, capacity 5286K, committed 5296K, reserved 1048576K
Event: 10.326 GC heap after
Heap after GC invocations=10 (full 3):
 PSYoungGen      total 48128K, used 8813K [0x00000000f5580000, 0x00000000fa200000, 0x0000000100000000)
  eden space 34304K, 0% used [0x00000000f5580000,0x00000000f5580000,0x00000000f7700000)
  from space 13824K, 63% used [0x00000000f7700000,0x00000000f7f9b6f0,0x00000000f8480000)
  to   space 13312K, 0% used [0x00000000f9500000,0x00000000f9500000,0x00000000fa200000)
 ParOldGen       total 104448K, used 17419K [0x00000000e0000000, 0x00000000e6600000, 0x00000000f5580000)
  object space 104448K, 16% used [0x00000000e0000000,0x00000000e1102f88,0x00000000e6600000)
 Metaspace       used 39734K, capacity 40331K, committed 40872K, reserved 1085440K
  class space    used 5133K, capacity 5286K, committed 5296K, reserved 1048576K
}
Event: 10.705 GC heap before
{Heap before GC invocations=11 (full 3):
 PSYoungGen      total 48128K, used 43117K [0x00000000f5580000, 0x00000000fa200000, 0x0000000100000000)
  eden space 34304K, 100% used [0x00000000f5580000,0x00000000f7700000,0x00000000f7700000)
  from space 13824K, 63% used [0x00000000f7700000,0x00000000f7f9b6f0,0x00000000f8480000)
  to   space 13312K, 0% used [0x00000000f9500000,0x00000000f9500000,0x00000000fa200000)
 ParOldGen       total 104448K, used 17419K [0x00000000e0000000, 0x00000000e6600000, 0x00000000f5580000)
  object space 104448K, 16% used [0x00000000e0000000,0x00000000e1102f88,0x00000000e6600000)
 Metaspace       used 41841K, capacity 42547K, committed 43048K, reserved 1087488K
  class space    used 5363K, capacity 5566K, committed 5680K, reserved 1048576K
Event: 10.711 GC heap after
Heap after GC invocations=11 (full 3):
 PSYoungGen      total 64512K, used 10324K [0x00000000f5580000, 0x00000000fa400000, 0x0000000100000000)
  eden space 51200K, 0% used [0x00000000f5580000,0x00000000f5580000,0x00000000f8780000)
  from space 13312K, 77% used [0x00000000f9500000,0x00000000f9f15220,0x00000000fa200000)
  to   space 13824K, 0% used [0x00000000f8780000,0x00000000f8780000,0x00000000f9500000)
 ParOldGen       total 104448K, used 17427K [0x00000000e0000000, 0x00000000e6600000, 0x00000000f5580000)
  object space 104448K, 16% used [0x00000000e0000000,0x00000000e1104f88,0x00000000e6600000)
 Metaspace       used 41841K, capacity 42547K, committed 43048K, reserved 1087488K
  class space    used 5363K, capacity 5566K, committed 5680K, reserved 1048576K
}

