# JRE version: OpenJDK Runtime Environment (8.0_152-b01) (build 1.8.0_152-release-1343-b01)
# Java VM: OpenJDK 64-Bit Server VM (25.152-b01 mixed mode windows-amd64 compressed oops)
Heap:
 PSYoungGen      total 138240K, used 43563K [0x00000000d5f80000, 0x00000000e1080000, 0x0000000100000000)
  eden space 133120K, 28% used [0x00000000d5f80000,0x00000000d850ecb0,0x00000000de180000)
  from space 5120K, 99% used [0x00000000de180000,0x00000000de67c1c0,0x00000000de680000)
  to   space 20480K, 0% used [0x00000000dfc80000,0x00000000dfc80000,0x00000000e1080000)
 ParOldGen       total 130048K, used 69801K [0x0000000081e00000, 0x0000000089d00000, 0x00000000d5f80000)
  object space 130048K, 53% used [0x0000000081e00000,0x000000008622a530,0x0000000089d00000)
 Metaspace       used 51582K, capacity 52497K, committed 52696K, reserved 1095680K
  class space    used 6123K, capacity 6392K, committed 6400K, reserved 1048576K
GC Heap History (10 events):
Event: 2.095 GC heap before
{Heap before GC invocations=5 (full 1):
 PSYoungGen      total 71680K, used 66560K [0x00000000d5f80000, 0x00000000deb80000, 0x0000000100000000)
  eden space 66560K, 100% used [0x00000000d5f80000,0x00000000da080000,0x00000000da080000)
  from space 5120K, 0% used [0x00000000da080000,0x00000000da080000,0x00000000da580000)
  to   space 5120K, 0% used [0x00000000de680000,0x00000000de680000,0x00000000deb80000)
 ParOldGen       total 65024K, used 7726K [0x0000000081e00000, 0x0000000085d80000, 0x00000000d5f80000)
  object space 65024K, 11% used [0x0000000081e00000,0x000000008258b918,0x0000000085d80000)
 Metaspace       used 30650K, capacity 31101K, committed 31488K, reserved 1077248K
  class space    used 3890K, capacity 4062K, committed 4096K, reserved 1048576K
Event: 2.106 GC heap after
Heap after GC invocations=5 (full 1):
 PSYoungGen      total 101888K, used 5106K [0x00000000d5f80000, 0x00000000deb80000, 0x0000000100000000)
  eden space 96768K, 0% used [0x00000000d5f80000,0x00000000d5f80000,0x00000000dbe00000)
  from space 5120K, 99% used [0x00000000de680000,0x00000000deb7cb28,0x00000000deb80000)
  to   space 5120K, 0% used [0x00000000de180000,0x00000000de180000,0x00000000de680000)
 ParOldGen       total 65024K, used 19708K [0x0000000081e00000, 0x0000000085d80000, 0x00000000d5f80000)
  object space 65024K, 30% used [0x0000000081e00000,0x000000008313f278,0x0000000085d80000)
 Metaspace       used 30650K, capacity 31101K, committed 31488K, reserved 1077248K
  class space    used 3890K, capacity 4062K, committed 4096K, reserved 1048576K
}
Event: 3.641 GC heap before
{Heap before GC invocations=6 (full 1):
 PSYoungGen      total 101888K, used 53408K [0x00000000d5f80000, 0x00000000deb80000, 0x0000000100000000)
  eden space 96768K, 49% used [0x00000000d5f80000,0x00000000d8eab778,0x00000000dbe00000)
  from space 5120K, 99% used [0x00000000de680000,0x00000000deb7cb28,0x00000000deb80000)
  to   space 5120K, 0% used [0x00000000de180000,0x00000000de180000,0x00000000de680000)
 ParOldGen       total 65024K, used 19708K [0x0000000081e00000, 0x0000000085d80000, 0x00000000d5f80000)
  object space 65024K, 30% used [0x0000000081e00000,0x000000008313f278,0x0000000085d80000)
 Metaspace       used 34650K, capacity 35179K, committed 35416K, reserved 1081344K
  class space    used 4300K, capacity 4443K, committed 4480K, reserved 1048576K
Event: 3.669 GC heap after
Heap after GC invocations=6 (full 1):
 PSYoungGen      total 138240K, used 5095K [0x00000000d5f80000, 0x00000000e1080000, 0x0000000100000000)
  eden space 133120K, 0% used [0x00000000d5f80000,0x00000000d5f80000,0x00000000de180000)
  from space 5120K, 99% used [0x00000000de180000,0x00000000de679fd8,0x00000000de680000)
  to   space 20480K, 0% used [0x00000000dfc80000,0x00000000dfc80000,0x00000000e1080000)
 ParOldGen       total 65024K, used 32117K [0x0000000081e00000, 0x0000000085d80000, 0x00000000d5f80000)
  object space 65024K, 49% used [0x0000000081e00000,0x0000000083d5d400,0x0000000085d80000)
 Metaspace       used 34650K, capacity 35179K, committed 35416K, reserved 1081344K
  class space    used 4300K, capacity 4443K, committed 4480K, reserved 1048576K
}
Event: 3.669 GC heap before
{Heap before GC invocations=7 (full 2):
 PSYoungGen      total 138240K, used 5095K [0x00000000d5f80000, 0x00000000e1080000, 0x0000000100000000)
  eden space 133120K, 0% used [0x00000000d5f80000,0x00000000d5f80000,0x00000000de180000)
  from space 5120K, 99% used [0x00000000de180000,0x00000000de679fd8,0x00000000de680000)
  to   space 20480K, 0% used [0x00000000dfc80000,0x00000000dfc80000,0x00000000e1080000)
 ParOldGen       total 65024K, used 32117K [0x0000000081e00000, 0x0000000085d80000, 0x00000000d5f80000)
  object space 65024K, 49% used [0x0000000081e00000,0x0000000083d5d400,0x0000000085d80000)
 Metaspace       used 34650K, capacity 35179K, committed 35416K, reserved 1081344K
  class space    used 4300K, capacity 4443K, committed 4480K, reserved 1048576K
Event: 3.880 GC heap after
Heap after GC invocations=7 (full 2):
 PSYoungGen      total 138240K, used 0K [0x00000000d5f80000, 0x00000000e1080000, 0x0000000100000000)
  eden space 133120K, 0% used [0x00000000d5f80000,0x00000000d5f80000,0x00000000de180000)
  from space 5120K, 0% used [0x00000000de180000,0x00000000de180000,0x00000000de680000)
  to   space 20480K, 0% used [0x00000000dfc80000,0x00000000dfc80000,0x00000000e1080000)
 ParOldGen       total 130048K, used 25080K [0x0000000081e00000, 0x0000000089d00000, 0x00000000d5f80000)
  object space 130048K, 19% used [0x0000000081e00000,0x000000008367e378,0x0000000089d00000)
 Metaspace       used 34650K, capacity 35179K, committed 35416K, reserved 1081344K
  class space    used 4300K, capacity 4443K, committed 4480K, reserved 1048576K
}
Event: 6.699 GC heap before
{Heap before GC invocations=8 (full 2):
 PSYoungGen      total 138240K, used 133120K [0x00000000d5f80000, 0x00000000e1080000, 0x0000000100000000)
  eden space 133120K, 100% used [0x00000000d5f80000,0x00000000de180000,0x00000000de180000)
  from space 5120K, 0% used [0x00000000de180000,0x00000000de180000,0x00000000de680000)
  to   space 20480K, 0% used [0x00000000dfc80000,0x00000000dfc80000,0x00000000e1080000)
 ParOldGen       total 130048K, used 25080K [0x0000000081e00000, 0x0000000089d00000, 0x00000000d5f80000)
  object space 130048K, 19% used [0x0000000081e00000,0x000000008367e378,0x0000000089d00000)
 Metaspace       used 42395K, capacity 43089K, committed 43352K, reserved 1087488K
  class space    used 4986K, capacity 5140K, committed 5248K, reserved 1048576K
Event: 6.721 GC heap after
Heap after GC invocations=8 (full 2):
 PSYoungGen      total 153600K, used 20452K [0x00000000d5f80000, 0x00000000e1080000, 0x0000000100000000)
  eden space 133120K, 0% used [0x00000000d5f80000,0x00000000d5f80000,0x00000000de180000)
  from space 20480K, 99% used [0x00000000dfc80000,0x00000000e10791b8,0x00000000e1080000)
  to   space 5120K, 0% used [0x00000000de180000,0x00000000de180000,0x00000000de680000)
 ParOldGen       total 130048K, used 31638K [0x0000000081e00000, 0x0000000089d00000, 0x00000000d5f80000)
  object space 130048K, 24% used [0x0000000081e00000,0x0000000083ce5860,0x0000000089d00000)
 Metaspace       used 42395K, capacity 43089K, committed 43352K, reserved 1087488K
  class space    used 4986K, capacity 5140K, committed 5248K, reserved 1048576K
}
Event: 9.832 GC heap before
{Heap before GC invocations=9 (full 2):
 PSYoungGen      total 153600K, used 153572K [0x00000000d5f80000, 0x00000000e1080000, 0x0000000100000000)
  eden space 133120K, 100% used [0x00000000d5f80000,0x00000000de180000,0x00000000de180000)
  from space 20480K, 99% used [0x00000000dfc80000,0x00000000e10791b8,0x00000000e1080000)
  to   space 5120K, 0% used [0x00000000de180000,0x00000000de180000,0x00000000de680000)
 ParOldGen       total 130048K, used 31638K [0x0000000081e00000, 0x0000000089d00000, 0x00000000d5f80000)
  object space 130048K, 24% used [0x0000000081e00000,0x0000000083ce5860,0x0000000089d00000)
 Metaspace       used 49707K, capacity 50569K, committed 50776K, reserved 1093632K
  class space    used 5973K, capacity 6238K, committed 6272K, reserved 1048576K
Event: 9.888 GC heap after
Heap after GC invocations=9 (full 2):
 PSYoungGen      total 138240K, used 5104K [0x00000000d5f80000, 0x00000000e1080000, 0x0000000100000000)
  eden space 133120K, 0% used [0x00000000d5f80000,0x00000000d5f80000,0x00000000de180000)
  from space 5120K, 99% used [0x00000000de180000,0x00000000de67c1c0,0x00000000de680000)
  to   space 20480K, 0% used [0x00000000dfc80000,0x00000000dfc80000,0x00000000e1080000)
 ParOldGen       total 130048K, used 69801K [0x0000000081e00000, 0x0000000089d00000, 0x00000000d5f80000)
  object space 130048K, 53% used [0x0000000081e00000,0x000000008622a530,0x0000000089d00000)
 Metaspace       used 49707K, capacity 50569K, committed 50776K, reserved 1093632K
  class space    used 5973K, capacity 6238K, committed 6272K, reserved 1048576K
}

